#
# There is insufficient memory for the Java Runtime Environment to continue.
# Native memory allocation (mmap) failed to map 53477376 bytes for Failed to commit area from 0x00000000b1800000 to 0x00000000b4b00000 of length 53477376.
# Possible reasons:
#   The system is out of physical RAM or swap space
#   The process is running with CompressedOops enabled, and the Java Heap may be blocking the growth of the native heap
# Possible solutions:
#   Reduce memory load on the system
#   Increase physical memory or swap space
#   Check if swap backing store is full
#   Decrease Java heap size (-Xmx/-Xms)
#   Decrease number of Java threads
#   Decrease Java thread stack sizes (-Xss)
#   Set larger code cache with -XX:ReservedCodeCacheSize=
#   JVM is running with Unscaled Compressed Oops mode in which the Java heap is
#     placed in the first 4GB address space. The Java Heap base address is the
#     maximum limit for the native heap growth. Please use -XX:HeapBaseMinAddress
#     to set the Java Heap base and to place the Java Heap above 4GB virtual address.
# This output file may be truncated or incomplete.
#
#  Out of Memory Error (./src/hotspot/os/windows/os_windows.cpp:3301), pid=7968, tid=1308
#
# JRE version: OpenJDK Runtime Environment (11.0.10) (build 11.0.10+0-b96-7249189)
# Java VM: OpenJDK 64-Bit Server VM (11.0.10+0-b96-7249189, mixed mode, tiered, compressed oops, g1 gc, windows-amd64)
# No core dump will be written. Minidumps are not enabled by default on client versions of Windows
#

---------------  S U M M A R Y ------------

Command Line: --add-opens=java.base/java.util=ALL-UNNAMED --add-opens=java.base/java.lang=ALL-UNNAMED --add-opens=java.base/java.lang.invoke=ALL-UNNAMED --add-opens=java.base/java.util=ALL-UNNAMED --add-opens=java.prefs/java.util.prefs=ALL-UNNAMED --add-opens=java.prefs/java.util.prefs=ALL-UNNAMED --add-opens=java.base/java.nio.charset=ALL-UNNAMED --add-opens=java.base/java.net=ALL-UNNAMED --add-opens=java.base/java.util.concurrent.atomic=ALL-UNNAMED -Xmx1536m -Dfile.encoding=windows-1252 -Duser.country=US -Duser.language=en -Duser.variant org.gradle.launcher.daemon.bootstrap.GradleDaemon 7.0.2

Host: AMD A8-6410 APU with AMD Radeon R5 Graphics    , 4 cores, 3G,  Windows 10 , 64 bit Build 10586 (10.0.10586.0)
Time: Sun Aug  8 19:39:45 2021 SE Asia Standard Time elapsed time: 1447.243021 seconds (0d 0h 24m 7s)

---------------  T H R E A D  ---------------

Current thread (0x000001e0ee1bb000):  VMThread "VM Thread" [stack: 0x000000a2be000000,0x000000a2be100000] [id=1308]

Stack: [0x000000a2be000000,0x000000a2be100000]
[error occurred during error reporting (printing stack bounds), id 0xc0000005, EXCEPTION_ACCESS_VIOLATION (0xc0000005) at pc=0x000001e0d84c0f2d]

Native frames: (J=compiled Java code, j=interpreted, Vv=VM code, C=native code)
V  [jvm.dll+0x5ecfaa]
V  [jvm.dll+0x722bd5]
V  [jvm.dll+0x72412d]
V  [jvm.dll+0x724745]
V  [jvm.dll+0x7246fb]
V  [jvm.dll+0x5ec348]
V  [jvm.dll+0x5ecad8]
C  [ntdll.dll+0xa976d]
C  [ntdll.dll+0x34c19]
C  [ntdll.dll+0xa887a]
C  0x000001e0d84c0f2d

VM_Operation (0x000000a2c80fa100): G1CollectForAllocation, mode: safepoint, requested by thread 0x000001e0f2d7e000


---------------  P R O C E S S  ---------------

Threads class SMR info:
_java_thread_list=0x000001e0f4da2370, length=41, elements={
0x000001e0d49a2000, 0x000001e0ee1e1000, 0x000001e0ee1e2000, 0x000001e0ee23f800,
0x000001e0ee240800, 0x000001e0ee243800, 0x000001e0ee248000, 0x000001e0ee24d800,
0x000001e0ee390800, 0x000001e0ee4c5800, 0x000001e0efd00000, 0x000001e0efdd0000,
0x000001e0ef4c0000, 0x000001e0ef6d0000, 0x000001e0ef6d0800, 0x000001e0ef6cf000,
0x000001e0ef6d3000, 0x000001e0ef6d1800, 0x000001e0ef6d2000, 0x000001e0ef6d5800,
0x000001e0ef86d800, 0x000001e0ef869800, 0x000001e0ef86c000, 0x000001e0ef86e800,
0x000001e0ef874000, 0x000001e0f2d77800, 0x000001e0f2d7c800, 0x000001e0f2d7a000,
0x000001e0f2d7c000, 0x000001e0ef86f000, 0x000001e0ef86a800, 0x000001e0ef86c800,
0x000001e0ef86b000, 0x000001e0ef873800, 0x000001e0ef875000, 0x000001e0ef875800,
0x000001e0ef871000, 0x000001e0ef6d4000, 0x000001e0ef6d4800, 0x000001e0f2d7e000,
0x000001e0f7a0e000
}

Java Threads: ( => current thread )
  0x000001e0d49a2000 JavaThread "main" [_thread_blocked, id=1672, stack(0x000000a2bda00000,0x000000a2bdb00000)]
  0x000001e0ee1e1000 JavaThread "Reference Handler" daemon [_thread_blocked, id=5280, stack(0x000000a2be100000,0x000000a2be200000)]
  0x000001e0ee1e2000 JavaThread "Finalizer" daemon [_thread_blocked, id=5168, stack(0x000000a2be200000,0x000000a2be300000)]
  0x000001e0ee23f800 JavaThread "Signal Dispatcher" daemon [_thread_blocked, id=6520, stack(0x000000a2be300000,0x000000a2be400000)]
  0x000001e0ee240800 JavaThread "Attach Listener" daemon [_thread_blocked, id=1608, stack(0x000000a2be400000,0x000000a2be500000)]
  0x000001e0ee243800 JavaThread "Service Thread" daemon [_thread_blocked, id=6012, stack(0x000000a2be500000,0x000000a2be600000)]
  0x000001e0ee248000 JavaThread "C2 CompilerThread0" daemon [_thread_blocked, id=7568, stack(0x000000a2be600000,0x000000a2be700000)]
  0x000001e0ee24d800 JavaThread "C1 CompilerThread0" daemon [_thread_blocked, id=6956, stack(0x000000a2be700000,0x000000a2be800000)]
  0x000001e0ee390800 JavaThread "Sweeper thread" daemon [_thread_blocked, id=6368, stack(0x000000a2be800000,0x000000a2be900000)]
  0x000001e0ee4c5800 JavaThread "Common-Cleaner" daemon [_thread_blocked, id=8140, stack(0x000000a2be900000,0x000000a2bea00000)]
  0x000001e0efd00000 JavaThread "Daemon health stats" [_thread_blocked, id=7628, stack(0x000000a2bee00000,0x000000a2bef00000)]
  0x000001e0efdd0000 JavaThread "Incoming local TCP Connector on port 49995" [_thread_in_native, id=1568, stack(0x000000a2bef00000,0x000000a2bf000000)]
  0x000001e0ef4c0000 JavaThread "Daemon periodic checks" [_thread_blocked, id=6588, stack(0x000000a2bf000000,0x000000a2bf100000)]
  0x000001e0ef6d0000 JavaThread "Cache worker for file hash cache (C:\Users\Zahra\.gradle\caches\7.0.2\fileHashes)" [_thread_blocked, id=6976, stack(0x000000a2bfa00000,0x000000a2bfb00000)]
  0x000001e0ef6d0800 JavaThread "File lock request listener" [_thread_in_native, id=4104, stack(0x000000a2bfb00000,0x000000a2bfc00000)]
  0x000001e0ef6cf000 JavaThread "Cache worker for journal cache (C:\Users\Zahra\.gradle\caches\journal-1)" [_thread_blocked, id=868, stack(0x000000a2bfc00000,0x000000a2bfd00000)]
  0x000001e0ef6d3000 JavaThread "File watcher server" daemon [_thread_in_native, id=6132, stack(0x000000a2bff00000,0x000000a2c0000000)]
  0x000001e0ef6d1800 JavaThread "File watcher consumer" daemon [_thread_blocked, id=6332, stack(0x000000a2c0000000,0x000000a2c0100000)]
  0x000001e0ef6d2000 JavaThread "jar transforms" [_thread_blocked, id=740, stack(0x000000a2c0100000,0x000000a2c0200000)]
  0x000001e0ef6d5800 JavaThread "jar transforms Thread 2" [_thread_blocked, id=6600, stack(0x000000a2c0200000,0x000000a2c0300000)]
  0x000001e0ef86d800 JavaThread "jar transforms Thread 3" [_thread_blocked, id=1504, stack(0x000000a2c0300000,0x000000a2c0400000)]
  0x000001e0ef869800 JavaThread "jar transforms Thread 4" [_thread_blocked, id=5520, stack(0x000000a2c0400000,0x000000a2c0500000)]
  0x000001e0ef86c000 JavaThread "Cache worker for execution history cache (C:\Users\Zahra\.gradle\caches\7.0.2\executionHistory)" [_thread_blocked, id=7300, stack(0x000000a2c0b00000,0x000000a2c0c00000)]
  0x000001e0ef86e800 JavaThread "Cache worker for file content cache (C:\Users\Zahra\.gradle\caches\7.0.2\fileContent)" [_thread_blocked, id=6228, stack(0x000000a2c0f00000,0x000000a2c1000000)]
  0x000001e0ef874000 JavaThread "Memory manager" [_thread_blocked, id=3680, stack(0x000000a2c3200000,0x000000a2c3300000)]
  0x000001e0f2d77800 JavaThread "Daemon Thread 2" [_thread_blocked, id=1296, stack(0x000000a2c7000000,0x000000a2c7100000)]
  0x000001e0f2d7c800 JavaThread "Handler for socket connection from /127.0.0.1:49995 to /127.0.0.1:50115" [_thread_in_native, id=6880, stack(0x000000a2c7100000,0x000000a2c7200000)]
  0x000001e0f2d7a000 JavaThread "Cancel handler" [_thread_blocked, id=5416, stack(0x000000a2c7200000,0x000000a2c7300000)]
  0x000001e0f2d7c000 JavaThread "Daemon worker Thread 2" [_thread_blocked, id=8024, stack(0x000000a2c7300000,0x000000a2c7400000)]
  0x000001e0ef86f000 JavaThread "Asynchronous log dispatcher for DefaultDaemonConnection: socket connection from /127.0.0.1:49995 to /127.0.0.1:50115" [_thread_blocked, id=7896, stack(0x000000a2c7400000,0x000000a2c7500000)]
  0x000001e0ef86a800 JavaThread "Daemon client event forwarder" [_thread_blocked, id=6632, stack(0x000000a2c7600000,0x000000a2c7700000)]
  0x000001e0ef86c800 JavaThread "Cache worker for file hash cache (C:\Users\Zahra\AndroidStudioProjects\MyApp_PeduliDigital\.gradle\7.0.2\fileHashes)" [_thread_blocked, id=4936, stack(0x000000a2c7700000,0x000000a2c7800000)]
  0x000001e0ef86b000 JavaThread "Cache worker for checksums cache (C:\Users\Zahra\AndroidStudioProjects\MyApp_PeduliDigital\.gradle\checksums)" [_thread_blocked, id=6384, stack(0x000000a2c7800000,0x000000a2c7900000)]
  0x000001e0ef873800 JavaThread "Cache worker for cache directory md-supplier (C:\Users\Zahra\.gradle\caches\7.0.2\md-supplier)" [_thread_blocked, id=764, stack(0x000000a2c7900000,0x000000a2c7a00000)]
  0x000001e0ef875000 JavaThread "Cache worker for cache directory md-rule (C:\Users\Zahra\.gradle\caches\7.0.2\md-rule)" [_thread_blocked, id=7940, stack(0x000000a2c7a00000,0x000000a2c7b00000)]
  0x000001e0ef875800 JavaThread "Cache worker for dependencies-accessors (C:\Users\Zahra\AndroidStudioProjects\MyApp_PeduliDigital\.gradle\7.0.2\dependencies-accessors)" [_thread_blocked, id=3772, stack(0x000000a2c7c00000,0x000000a2c7d00000)]
  0x000001e0ef871000 JavaThread "Cache worker for Build Output Cleanup Cache (C:\Users\Zahra\AndroidStudioProjects\MyApp_PeduliDigital\.gradle\buildOutputCleanup)" [_thread_blocked, id=4912, stack(0x000000a2c7d00000,0x000000a2c7e00000)]
  0x000001e0ef6d4000 JavaThread "Build operations" [_thread_blocked, id=6904, stack(0x000000a2c7e00000,0x000000a2c7f00000)]
  0x000001e0ef6d4800 JavaThread "Build operations Thread 2" [_thread_blocked, id=476, stack(0x000000a2c7f00000,0x000000a2c8000000)]
  0x000001e0f2d7e000 JavaThread "Build operations Thread 3" [_thread_blocked, id=6256, stack(0x000000a2c8000000,0x000000a2c8100000)]
  0x000001e0f7a0e000 JavaThread "Build operations Thread 4" [_thread_blocked, id=2888, stack(0x000000a2c8100000,0x000000a2c8200000)]

Other Threads:
=>0x000001e0ee1bb000 VMThread "VM Thread" [stack: 0x000000a2be000000,0x000000a2be100000] [id=1308]
  0x000001e0ee4df000 WatcherThread [stack: 0x000000a2bea00000,0x000000a2beb00000] [id=3104]
  0x000001e0d49b9800 GCTaskThread "GC Thread#0" [stack: 0x000000a2bdb00000,0x000000a2bdc00000] [id=5776]
  0x000001e0ee7e6800 GCTaskThread "GC Thread#1" [stack: 0x000000a2bec00000,0x000000a2bed00000] [id=4192]
  0x000001e0ef715000 GCTaskThread "GC Thread#2" [stack: 0x000000a2bf800000,0x000000a2bf900000] [id=6248]
  0x000001e0ef411000 GCTaskThread "GC Thread#3" [stack: 0x000000a2bf900000,0x000000a2bfa00000] [id=7572]
  0x000001e0d49e1800 ConcurrentGCThread "G1 Main Marker" [stack: 0x000000a2bdc00000,0x000000a2bdd00000] [id=5288]
  0x000001e0d49e4000 ConcurrentGCThread "G1 Conc#0" [stack: 0x000000a2bdd00000,0x000000a2bde00000] [id=5900]
  0x000001e0d4a2f000 ConcurrentGCThread "G1 Refine#0" [stack: 0x000000a2bde00000,0x000000a2bdf00000] [id=6760]
  0x000001e0d4a30000 ConcurrentGCThread "G1 Young RemSet Sampling" [stack: 0x000000a2bdf00000,0x000000a2be000000] [id=4992]

Threads with active compile tasks:
C2 CompilerThread01448299 22485       4       org.objectweb.asm.ClassReader::readMethod (1047 bytes)

VM state:at safepoint (normal execution)

VM Mutex/Monitor currently owned by a thread:  ([mutex/lock_event])
[0x000001e0d499d930] Threads_lock - owner thread: 0x000001e0ee1bb000
[0x000001e0d499e6b0] Heap_lock - owner thread: 0x000001e0f2d7e000

Heap address: 0x00000000a0000000, size: 1536 MB, Compressed Oops mode: 32-bit
Narrow klass base: 0x0000000000000000, Narrow klass shift: 3
Compressed class space size: 1073741824 Address: 0x0000000100000000

Heap:
 garbage-first heap   total 338944K, used 171354K [0x00000000a0000000, 0x0000000100000000)
  region size 1024K, 2 young (2048K), 2 survivors (2048K)
 Metaspace       used 125064K, capacity 128511K, committed 128760K, reserved 1161216K
  class space    used 15409K, capacity 16606K, committed 16716K, reserved 1048576K
Heap Regions: E=young(eden), S=young(survivor), O=old, HS=humongous(starts), HC=humongous(continues), CS=collection set, F=free, A=archive, TAMS=top-at-mark-start (previous, next)
|   0|0x00000000a0000000, 0x00000000a0100000, 0x00000000a0100000|100%| O|  |TAMS 0x00000000a0100000, 0x00000000a0000000| Untracked 
|   1|0x00000000a0100000, 0x00000000a0200000, 0x00000000a0200000|100%| O|  |TAMS 0x00000000a0200000, 0x00000000a0100000| Untracked 
|   2|0x00000000a0200000, 0x00000000a0300000, 0x00000000a0300000|100%| O|  |TAMS 0x00000000a0300000, 0x00000000a0200000| Untracked 
|   3|0x00000000a0300000, 0x00000000a0400000, 0x00000000a0400000|100%|HS|  |TAMS 0x00000000a0400000, 0x00000000a0300000| Complete 
|   4|0x00000000a0400000, 0x00000000a0500000, 0x00000000a0500000|100%|HC|  |TAMS 0x00000000a0500000, 0x00000000a0400000| Complete 
|   5|0x00000000a0500000, 0x00000000a0600000, 0x00000000a0600000|100%|HC|  |TAMS 0x00000000a0600000, 0x00000000a0500000| Complete 
|   6|0x00000000a0600000, 0x00000000a0700000, 0x00000000a0700000|100%| O|  |TAMS 0x00000000a0700000, 0x00000000a0600000| Untracked 
|   7|0x00000000a0700000, 0x00000000a0800000, 0x00000000a0800000|100%| O|  |TAMS 0x00000000a0800000, 0x00000000a0700000| Untracked 
|   8|0x00000000a0800000, 0x00000000a0900000, 0x00000000a0900000|100%| O|  |TAMS 0x00000000a0900000, 0x00000000a0800000| Untracked 
|   9|0x00000000a0900000, 0x00000000a0a00000, 0x00000000a0a00000|100%| O|  |TAMS 0x00000000a0a00000, 0x00000000a0900000| Untracked 
|  10|0x00000000a0a00000, 0x00000000a0b00000, 0x00000000a0b00000|100%| O|  |TAMS 0x00000000a0b00000, 0x00000000a0a00000| Untracked 
|  11|0x00000000a0b00000, 0x00000000a0c00000, 0x00000000a0c00000|100%| O|  |TAMS 0x00000000a0c00000, 0x00000000a0b00000| Untracked 
|  12|0x00000000a0c00000, 0x00000000a0d00000, 0x00000000a0d00000|100%| O|  |TAMS 0x00000000a0d00000, 0x00000000a0c00000| Untracked 
|  13|0x00000000a0d00000, 0x00000000a0e00000, 0x00000000a0e00000|100%| O|  |TAMS 0x00000000a0e00000, 0x00000000a0d00000| Untracked 
|  14|0x00000000a0e00000, 0x00000000a0f00000, 0x00000000a0f00000|100%| O|  |TAMS 0x00000000a0f00000, 0x00000000a0e00000| Untracked 
|  15|0x00000000a0f00000, 0x00000000a1000000, 0x00000000a1000000|100%| O|  |TAMS 0x00000000a1000000, 0x00000000a0f00000| Untracked 
|  16|0x00000000a1000000, 0x00000000a1100000, 0x00000000a1100000|100%|HS|  |TAMS 0x00000000a1100000, 0x00000000a1000000| Complete 
|  17|0x00000000a1100000, 0x00000000a1200000, 0x00000000a1200000|100%|HC|  |TAMS 0x00000000a1200000, 0x00000000a1100000| Complete 
|  18|0x00000000a1200000, 0x00000000a1300000, 0x00000000a1300000|100%|HS|  |TAMS 0x00000000a1300000, 0x00000000a1200000| Complete 
|  19|0x00000000a1300000, 0x00000000a1400000, 0x00000000a1400000|100%|HC|  |TAMS 0x00000000a1400000, 0x00000000a1300000| Complete 
|  20|0x00000000a1400000, 0x00000000a1500000, 0x00000000a1500000|100%|HC|  |TAMS 0x00000000a1500000, 0x00000000a1400000| Complete 
|  21|0x00000000a1500000, 0x00000000a1600000, 0x00000000a1600000|100%|HS|  |TAMS 0x00000000a1600000, 0x00000000a1500000| Complete 
|  22|0x00000000a1600000, 0x00000000a1700000, 0x00000000a1700000|100%|HC|  |TAMS 0x00000000a1700000, 0x00000000a1600000| Complete 
|  23|0x00000000a1700000, 0x00000000a1800000, 0x00000000a1800000|100%|HC|  |TAMS 0x00000000a1800000, 0x00000000a1700000| Complete 
|  24|0x00000000a1800000, 0x00000000a1900000, 0x00000000a1900000|100%|HC|  |TAMS 0x00000000a1900000, 0x00000000a1800000| Complete 
|  25|0x00000000a1900000, 0x00000000a1a00000, 0x00000000a1a00000|100%|HC|  |TAMS 0x00000000a1a00000, 0x00000000a1900000| Complete 
|  26|0x00000000a1a00000, 0x00000000a1b00000, 0x00000000a1b00000|100%| O|  |TAMS 0x00000000a1b00000, 0x00000000a1a00000| Untracked 
|  27|0x00000000a1b00000, 0x00000000a1c00000, 0x00000000a1c00000|100%| O|  |TAMS 0x00000000a1c00000, 0x00000000a1b00000| Untracked 
|  28|0x00000000a1c00000, 0x00000000a1d00000, 0x00000000a1d00000|100%| O|  |TAMS 0x00000000a1d00000, 0x00000000a1c00000| Untracked 
|  29|0x00000000a1d00000, 0x00000000a1e00000, 0x00000000a1e00000|100%| O|  |TAMS 0x00000000a1e00000, 0x00000000a1d00000| Untracked 
|  30|0x00000000a1e00000, 0x00000000a1f00000, 0x00000000a1f00000|100%| O|  |TAMS 0x00000000a1f00000, 0x00000000a1e00000| Untracked 
|  31|0x00000000a1f00000, 0x00000000a2000000, 0x00000000a2000000|100%| O|  |TAMS 0x00000000a2000000, 0x00000000a1f00000| Untracked 
|  32|0x00000000a2000000, 0x00000000a2100000, 0x00000000a2100000|100%| O|  |TAMS 0x00000000a2100000, 0x00000000a2000000| Untracked 
|  33|0x00000000a2100000, 0x00000000a2200000, 0x00000000a2200000|100%| O|  |TAMS 0x00000000a2200000, 0x00000000a2100000| Untracked 
|  34|0x00000000a2200000, 0x00000000a2300000, 0x00000000a2300000|100%| O|  |TAMS 0x00000000a2300000, 0x00000000a2200000| Untracked 
|  35|0x00000000a2300000, 0x00000000a2400000, 0x00000000a2400000|100%| O|  |TAMS 0x00000000a2400000, 0x00000000a2300000| Untracked 
|  36|0x00000000a2400000, 0x00000000a2500000, 0x00000000a2500000|100%| O|  |TAMS 0x00000000a2500000, 0x00000000a2400000| Untracked 
|  37|0x00000000a2500000, 0x00000000a2600000, 0x00000000a2600000|100%| O|  |TAMS 0x00000000a2600000, 0x00000000a2500000| Untracked 
|  38|0x00000000a2600000, 0x00000000a2700000, 0x00000000a2700000|100%| O|  |TAMS 0x00000000a2700000, 0x00000000a2600000| Untracked 
|  39|0x00000000a2700000, 0x00000000a2800000, 0x00000000a2800000|100%| O|  |TAMS 0x00000000a2800000, 0x00000000a2700000| Untracked 
|  40|0x00000000a2800000, 0x00000000a2900000, 0x00000000a2900000|100%| O|  |TAMS 0x00000000a2900000, 0x00000000a2800000| Untracked 
|  41|0x00000000a2900000, 0x00000000a2a00000, 0x00000000a2a00000|100%| O|  |TAMS 0x00000000a2a00000, 0x00000000a2900000| Untracked 
|  42|0x00000000a2a00000, 0x00000000a2b00000, 0x00000000a2b00000|100%|HS|  |TAMS 0x00000000a2b00000, 0x00000000a2a00000| Complete 
|  43|0x00000000a2b00000, 0x00000000a2c00000, 0x00000000a2c00000|100%|HC|  |TAMS 0x00000000a2c00000, 0x00000000a2b00000| Complete 
|  44|0x00000000a2c00000, 0x00000000a2d00000, 0x00000000a2d00000|100%|HC|  |TAMS 0x00000000a2d00000, 0x00000000a2c00000| Complete 
|  45|0x00000000a2d00000, 0x00000000a2e00000, 0x00000000a2e00000|100%|HC|  |TAMS 0x00000000a2e00000, 0x00000000a2d00000| Complete 
|  46|0x00000000a2e00000, 0x00000000a2f00000, 0x00000000a2f00000|100%|HC|  |TAMS 0x00000000a2f00000, 0x00000000a2e00000| Complete 
|  47|0x00000000a2f00000, 0x00000000a3000000, 0x00000000a3000000|100%| O|  |TAMS 0x00000000a3000000, 0x00000000a2f00000| Untracked 
|  48|0x00000000a3000000, 0x00000000a3100000, 0x00000000a3100000|100%| O|  |TAMS 0x00000000a3100000, 0x00000000a3000000| Untracked 
|  49|0x00000000a3100000, 0x00000000a3200000, 0x00000000a3200000|100%| O|  |TAMS 0x00000000a3200000, 0x00000000a3100000| Untracked 
|  50|0x00000000a3200000, 0x00000000a3300000, 0x00000000a3300000|100%| O|  |TAMS 0x00000000a3300000, 0x00000000a3200000| Untracked 
|  51|0x00000000a3300000, 0x00000000a3400000, 0x00000000a3400000|100%| O|  |TAMS 0x00000000a3300000, 0x00000000a3300000| Untracked 
|  52|0x00000000a3400000, 0x00000000a3500000, 0x00000000a3500000|100%| O|  |TAMS 0x00000000a3500000, 0x00000000a3400000| Untracked 
|  53|0x00000000a3500000, 0x00000000a3600000, 0x00000000a3600000|100%| O|  |TAMS 0x00000000a3600000, 0x00000000a3500000| Untracked 
|  54|0x00000000a3600000, 0x00000000a3700000, 0x00000000a3700000|100%| O|  |TAMS 0x00000000a3700000, 0x00000000a3600000| Untracked 
|  55|0x00000000a3700000, 0x00000000a3800000, 0x00000000a3800000|100%| O|  |TAMS 0x00000000a3800000, 0x00000000a3700000| Untracked 
|  56|0x00000000a3800000, 0x00000000a3900000, 0x00000000a3900000|100%| O|  |TAMS 0x00000000a3800000, 0x00000000a3800000| Untracked 
|  57|0x00000000a3900000, 0x00000000a3a00000, 0x00000000a3a00000|100%| O|  |TAMS 0x00000000a3a00000, 0x00000000a3900000| Untracked 
|  58|0x00000000a3a00000, 0x00000000a3b00000, 0x00000000a3b00000|100%| O|  |TAMS 0x00000000a3b00000, 0x00000000a3a00000| Untracked 
|  59|0x00000000a3b00000, 0x00000000a3c00000, 0x00000000a3c00000|100%| O|  |TAMS 0x00000000a3c00000, 0x00000000a3b00000| Untracked 
|  60|0x00000000a3c00000, 0x00000000a3d00000, 0x00000000a3d00000|100%| O|  |TAMS 0x00000000a3d00000, 0x00000000a3c00000| Untracked 
|  61|0x00000000a3d00000, 0x00000000a3e00000, 0x00000000a3e00000|100%| O|  |TAMS 0x00000000a3e00000, 0x00000000a3d00000| Untracked 
|  62|0x00000000a3e00000, 0x00000000a3f00000, 0x00000000a3f00000|100%| O|  |TAMS 0x00000000a3f00000, 0x00000000a3e00000| Untracked 
|  63|0x00000000a3f00000, 0x00000000a4000000, 0x00000000a4000000|100%| O|  |TAMS 0x00000000a4000000, 0x00000000a3f00000| Untracked 
|  64|0x00000000a4000000, 0x00000000a4100000, 0x00000000a4100000|100%| O|  |TAMS 0x00000000a4100000, 0x00000000a4000000| Untracked 
|  65|0x00000000a4100000, 0x00000000a4200000, 0x00000000a4200000|100%| O|  |TAMS 0x00000000a4200000, 0x00000000a4100000| Untracked 
|  66|0x00000000a4200000, 0x00000000a4300000, 0x00000000a4300000|100%| O|  |TAMS 0x00000000a4300000, 0x00000000a4200000| Untracked 
|  67|0x00000000a4300000, 0x00000000a4400000, 0x00000000a4400000|100%| O|  |TAMS 0x00000000a4400000, 0x00000000a4300000| Untracked 
|  68|0x00000000a4400000, 0x00000000a4500000, 0x00000000a4500000|100%| O|  |TAMS 0x00000000a4500000, 0x00000000a4400000| Untracked 
|  69|0x00000000a4500000, 0x00000000a4600000, 0x00000000a4600000|100%|HS|  |TAMS 0x00000000a4600000, 0x00000000a4500000| Complete 
|  70|0x00000000a4600000, 0x00000000a4700000, 0x00000000a4700000|100%|HC|  |TAMS 0x00000000a4700000, 0x00000000a4600000| Complete 
|  71|0x00000000a4700000, 0x00000000a4800000, 0x00000000a4800000|100%|HC|  |TAMS 0x00000000a4800000, 0x00000000a4700000| Complete 
|  72|0x00000000a4800000, 0x00000000a4900000, 0x00000000a4900000|100%|HS|  |TAMS 0x00000000a4900000, 0x00000000a4800000| Complete 
|  73|0x00000000a4900000, 0x00000000a4a00000, 0x00000000a4a00000|100%| O|  |TAMS 0x00000000a4a00000, 0x00000000a4900000| Untracked 
|  74|0x00000000a4a00000, 0x00000000a4b00000, 0x00000000a4b00000|100%| O|  |TAMS 0x00000000a4b00000, 0x00000000a4a00000| Untracked 
|  75|0x00000000a4b00000, 0x00000000a4c00000, 0x00000000a4c00000|100%| O|  |TAMS 0x00000000a4c00000, 0x00000000a4b00000| Untracked 
|  76|0x00000000a4c00000, 0x00000000a4d00000, 0x00000000a4d00000|100%| O|  |TAMS 0x00000000a4d00000, 0x00000000a4c00000| Untracked 
|  77|0x00000000a4d00000, 0x00000000a4e00000, 0x00000000a4e00000|100%| O|  |TAMS 0x00000000a4e00000, 0x00000000a4d00000| Untracked 
|  78|0x00000000a4e00000, 0x00000000a4f00000, 0x00000000a4f00000|100%| O|  |TAMS 0x00000000a4f00000, 0x00000000a4e00000| Untracked 
|  79|0x00000000a4f00000, 0x00000000a5000000, 0x00000000a5000000|100%| O|  |TAMS 0x00000000a5000000, 0x00000000a4f00000| Untracked 
|  80|0x00000000a5000000, 0x00000000a5100000, 0x00000000a5100000|100%|HS|  |TAMS 0x00000000a5100000, 0x00000000a5000000| Complete 
|  81|0x00000000a5100000, 0x00000000a5200000, 0x00000000a5200000|100%|HS|  |TAMS 0x00000000a5200000, 0x00000000a5100000| Complete 
|  82|0x00000000a5200000, 0x00000000a5300000, 0x00000000a5300000|100%|HC|  |TAMS 0x00000000a5300000, 0x00000000a5200000| Complete 
|  83|0x00000000a5300000, 0x00000000a5400000, 0x00000000a5400000|100%|HC|  |TAMS 0x00000000a5400000, 0x00000000a5300000| Complete 
|  84|0x00000000a5400000, 0x00000000a5500000, 0x00000000a5500000|100%|HS|  |TAMS 0x00000000a5500000, 0x00000000a5400000| Complete 
|  85|0x00000000a5500000, 0x00000000a5600000, 0x00000000a5600000|100%|HC|  |TAMS 0x00000000a5600000, 0x00000000a5500000| Complete 
|  86|0x00000000a5600000, 0x00000000a5700000, 0x00000000a5700000|100%| O|  |TAMS 0x00000000a5700000, 0x00000000a5600000| Untracked 
|  87|0x00000000a5700000, 0x00000000a5800000, 0x00000000a5800000|100%| O|  |TAMS 0x00000000a5800000, 0x00000000a5700000| Untracked 
|  88|0x00000000a5800000, 0x00000000a5900000, 0x00000000a5900000|100%| O|  |TAMS 0x00000000a5900000, 0x00000000a5800000| Untracked 
|  89|0x00000000a5900000, 0x00000000a5a00000, 0x00000000a5a00000|100%| O|  |TAMS 0x00000000a5a00000, 0x00000000a5900000| Untracked 
|  90|0x00000000a5a00000, 0x00000000a5b00000, 0x00000000a5b00000|100%| O|  |TAMS 0x00000000a5b00000, 0x00000000a5a00000| Untracked 
|  91|0x00000000a5b00000, 0x00000000a5c00000, 0x00000000a5c00000|100%| O|  |TAMS 0x00000000a5c00000, 0x00000000a5b00000| Untracked 
|  92|0x00000000a5c00000, 0x00000000a5d00000, 0x00000000a5d00000|100%| O|  |TAMS 0x00000000a5d00000, 0x00000000a5c00000| Untracked 
|  93|0x00000000a5d00000, 0x00000000a5e00000, 0x00000000a5e00000|100%| O|  |TAMS 0x00000000a5e00000, 0x00000000a5d00000| Untracked 
|  94|0x00000000a5e00000, 0x00000000a5f00000, 0x00000000a5f00000|100%| O|  |TAMS 0x00000000a5f00000, 0x00000000a5e00000| Untracked 
|  95|0x00000000a5f00000, 0x00000000a6000000, 0x00000000a6000000|100%| O|  |TAMS 0x00000000a6000000, 0x00000000a5f00000| Untracked 
|  96|0x00000000a6000000, 0x00000000a6100000, 0x00000000a6100000|100%| O|  |TAMS 0x00000000a6100000, 0x00000000a6000000| Untracked 
|  97|0x00000000a6100000, 0x00000000a6200000, 0x00000000a6200000|100%| O|  |TAMS 0x00000000a6200000, 0x00000000a6100000| Untracked 
|  98|0x00000000a6200000, 0x00000000a6300000, 0x00000000a6300000|100%| O|  |TAMS 0x00000000a6300000, 0x00000000a6200000| Untracked 
|  99|0x00000000a6300000, 0x00000000a6400000, 0x00000000a6400000|100%| O|  |TAMS 0x00000000a6400000, 0x00000000a6300000| Untracked 
| 100|0x00000000a6400000, 0x00000000a6500000, 0x00000000a6500000|100%| O|  |TAMS 0x00000000a6500000, 0x00000000a6400000| Untracked 
| 101|0x00000000a6500000, 0x00000000a6600000, 0x00000000a6600000|100%| O|  |TAMS 0x00000000a6600000, 0x00000000a6500000| Untracked 
| 102|0x00000000a6600000, 0x00000000a6700000, 0x00000000a6700000|100%| O|  |TAMS 0x00000000a6700000, 0x00000000a6600000| Untracked 
| 103|0x00000000a6700000, 0x00000000a6800000, 0x00000000a6800000|100%| O|  |TAMS 0x00000000a6800000, 0x00000000a6700000| Untracked 
| 104|0x00000000a6800000, 0x00000000a6900000, 0x00000000a6900000|100%| O|  |TAMS 0x00000000a6900000, 0x00000000a6800000| Untracked 
| 105|0x00000000a6900000, 0x00000000a6a00000, 0x00000000a6a00000|100%| O|  |TAMS 0x00000000a6a00000, 0x00000000a6900000| Untracked 
| 106|0x00000000a6a00000, 0x00000000a6b00000, 0x00000000a6b00000|100%| O|  |TAMS 0x00000000a6b00000, 0x00000000a6a00000| Untracked 
| 107|0x00000000a6b00000, 0x00000000a6c00000, 0x00000000a6c00000|100%| O|  |TAMS 0x00000000a6c00000, 0x00000000a6b00000| Untracked 
| 108|0x00000000a6c00000, 0x00000000a6d00000, 0x00000000a6d00000|100%| O|  |TAMS 0x00000000a6d00000, 0x00000000a6c00000| Untracked 
| 109|0x00000000a6d00000, 0x00000000a6e00000, 0x00000000a6e00000|100%| O|  |TAMS 0x00000000a6d00000, 0x00000000a6d00000| Untracked 
| 110|0x00000000a6e00000, 0x00000000a6f00000, 0x00000000a6f00000|100%| O|  |TAMS 0x00000000a6f00000, 0x00000000a6e00000| Untracked 
| 111|0x00000000a6f00000, 0x00000000a7000000, 0x00000000a7000000|100%| O|  |TAMS 0x00000000a7000000, 0x00000000a6f00000| Untracked 
| 112|0x00000000a7000000, 0x00000000a7100000, 0x00000000a7100000|100%| O|  |TAMS 0x00000000a7100000, 0x00000000a7000000| Untracked 
| 113|0x00000000a7100000, 0x00000000a7200000, 0x00000000a7200000|100%| O|  |TAMS 0x00000000a7200000, 0x00000000a7100000| Untracked 
| 114|0x00000000a7200000, 0x00000000a7300000, 0x00000000a7300000|100%| O|  |TAMS 0x00000000a7300000, 0x00000000a7200000| Untracked 
| 115|0x00000000a7300000, 0x00000000a7400000, 0x00000000a7400000|100%| O|  |TAMS 0x00000000a7400000, 0x00000000a7300000| Untracked 
| 116|0x00000000a7400000, 0x00000000a7500000, 0x00000000a7500000|100%| O|  |TAMS 0x00000000a7500000, 0x00000000a7400000| Untracked 
| 117|0x00000000a7500000, 0x00000000a7600000, 0x00000000a7600000|100%| O|  |TAMS 0x00000000a7600000, 0x00000000a7500000| Untracked 
| 118|0x00000000a7600000, 0x00000000a7700000, 0x00000000a7700000|100%| O|  |TAMS 0x00000000a7700000, 0x00000000a7600000| Untracked 
| 119|0x00000000a7700000, 0x00000000a7800000, 0x00000000a7800000|100%| O|  |TAMS 0x00000000a7800000, 0x00000000a7700000| Untracked 
| 120|0x00000000a7800000, 0x00000000a7900000, 0x00000000a7900000|100%| O|  |TAMS 0x00000000a7900000, 0x00000000a7800000| Untracked 
| 121|0x00000000a7900000, 0x00000000a7a00000, 0x00000000a7a00000|100%| O|  |TAMS 0x00000000a7a00000, 0x00000000a7900000| Untracked 
| 122|0x00000000a7a00000, 0x00000000a7b00000, 0x00000000a7b00000|100%| O|  |TAMS 0x00000000a7a2a400, 0x00000000a7a00000| Untracked 
| 123|0x00000000a7b00000, 0x00000000a7c00000, 0x00000000a7c00000|100%| O|  |TAMS 0x00000000a7b00000, 0x00000000a7b00000| Untracked 
| 124|0x00000000a7c00000, 0x00000000a7d00000, 0x00000000a7d00000|100%| O|  |TAMS 0x00000000a7c00000, 0x00000000a7c00000| Untracked 
| 125|0x00000000a7d00000, 0x00000000a7e00000, 0x00000000a7e00000|100%| O|  |TAMS 0x00000000a7d00000, 0x00000000a7d00000| Untracked 
| 126|0x00000000a7e00000, 0x00000000a7f00000, 0x00000000a7f00000|100%| O|  |TAMS 0x00000000a7e00000, 0x00000000a7e00000| Untracked 
| 127|0x00000000a7f00000, 0x00000000a8000000, 0x00000000a8000000|100%| O|  |TAMS 0x00000000a7f00000, 0x00000000a7f00000| Untracked 
| 128|0x00000000a8000000, 0x00000000a8100000, 0x00000000a8100000|100%| O|  |TAMS 0x00000000a8000000, 0x00000000a8000000| Untracked 
| 129|0x00000000a8100000, 0x00000000a8200000, 0x00000000a8200000|100%| O|  |TAMS 0x00000000a8100000, 0x00000000a8100000| Untracked 
| 130|0x00000000a8200000, 0x00000000a8300000, 0x00000000a8300000|100%| O|  |TAMS 0x00000000a8200000, 0x00000000a8200000| Untracked 
| 131|0x00000000a8300000, 0x00000000a8400000, 0x00000000a8400000|100%| O|  |TAMS 0x00000000a8300000, 0x00000000a8300000| Untracked 
| 132|0x00000000a8400000, 0x00000000a8500000, 0x00000000a8500000|100%| O|  |TAMS 0x00000000a8400000, 0x00000000a8400000| Untracked 
| 133|0x00000000a8500000, 0x00000000a8600000, 0x00000000a8600000|100%|HS|  |TAMS 0x00000000a8500000, 0x00000000a8500000| Complete 
| 134|0x00000000a8600000, 0x00000000a8700000, 0x00000000a8700000|100%| O|  |TAMS 0x00000000a8600000, 0x00000000a8600000| Untracked 
| 135|0x00000000a8700000, 0x00000000a8800000, 0x00000000a8800000|100%| O|  |TAMS 0x00000000a8700000, 0x00000000a8700000| Untracked 
| 136|0x00000000a8800000, 0x00000000a8900000, 0x00000000a8900000|100%| O|  |TAMS 0x00000000a8800000, 0x00000000a8800000| Untracked 
| 137|0x00000000a8900000, 0x00000000a8a00000, 0x00000000a8a00000|100%| O|  |TAMS 0x00000000a8900000, 0x00000000a8900000| Untracked 
| 138|0x00000000a8a00000, 0x00000000a8b00000, 0x00000000a8b00000|100%| O|  |TAMS 0x00000000a8a00000, 0x00000000a8a00000| Untracked 
| 139|0x00000000a8b00000, 0x00000000a8c00000, 0x00000000a8c00000|100%| O|  |TAMS 0x00000000a8b00000, 0x00000000a8b00000| Untracked 
| 140|0x00000000a8c00000, 0x00000000a8d00000, 0x00000000a8d00000|100%| O|  |TAMS 0x00000000a8c00000, 0x00000000a8c00000| Untracked 
| 141|0x00000000a8d00000, 0x00000000a8e00000, 0x00000000a8e00000|100%| O|  |TAMS 0x00000000a8d00000, 0x00000000a8d00000| Untracked 
| 142|0x00000000a8e00000, 0x00000000a8f00000, 0x00000000a8f00000|100%| O|  |TAMS 0x00000000a8e00000, 0x00000000a8e00000| Untracked 
| 143|0x00000000a8f00000, 0x00000000a9000000, 0x00000000a9000000|100%| O|  |TAMS 0x00000000a8f00000, 0x00000000a8f00000| Untracked 
| 144|0x00000000a9000000, 0x00000000a9100000, 0x00000000a9100000|100%| O|  |TAMS 0x00000000a9000000, 0x00000000a9000000| Untracked 
| 145|0x00000000a9100000, 0x00000000a9200000, 0x00000000a9200000|100%| O|  |TAMS 0x00000000a9100000, 0x00000000a9100000| Untracked 
| 146|0x00000000a9200000, 0x00000000a9300000, 0x00000000a9300000|100%| O|  |TAMS 0x00000000a9200000, 0x00000000a9200000| Untracked 
| 147|0x00000000a9300000, 0x00000000a9400000, 0x00000000a9400000|100%| O|  |TAMS 0x00000000a9300000, 0x00000000a9300000| Untracked 
| 148|0x00000000a9400000, 0x00000000a9500000, 0x00000000a9500000|100%| O|  |TAMS 0x00000000a9400000, 0x00000000a9400000| Untracked 
| 149|0x00000000a9500000, 0x00000000a9600000, 0x00000000a9600000|100%| O|  |TAMS 0x00000000a9500000, 0x00000000a9500000| Untracked 
| 150|0x00000000a9600000, 0x00000000a9700000, 0x00000000a9700000|100%| O|  |TAMS 0x00000000a9600000, 0x00000000a9600000| Untracked 
| 151|0x00000000a9700000, 0x00000000a9800000, 0x00000000a9800000|100%| O|  |TAMS 0x00000000a9700000, 0x00000000a9700000| Untracked 
| 152|0x00000000a9800000, 0x00000000a9900000, 0x00000000a9900000|100%| O|  |TAMS 0x00000000a9800000, 0x00000000a9800000| Untracked 
| 153|0x00000000a9900000, 0x00000000a9a00000, 0x00000000a9a00000|100%| O|  |TAMS 0x00000000a9900000, 0x00000000a9900000| Untracked 
| 154|0x00000000a9a00000, 0x00000000a9b00000, 0x00000000a9b00000|100%| O|  |TAMS 0x00000000a9a00000, 0x00000000a9a00000| Untracked 
| 155|0x00000000a9b00000, 0x00000000a9c00000, 0x00000000a9c00000|100%| O|  |TAMS 0x00000000a9b00000, 0x00000000a9b00000| Untracked 
| 156|0x00000000a9c00000, 0x00000000a9d00000, 0x00000000a9d00000|100%| O|  |TAMS 0x00000000a9c00000, 0x00000000a9c00000| Untracked 
| 157|0x00000000a9d00000, 0x00000000a9e00000, 0x00000000a9e00000|100%| O|  |TAMS 0x00000000a9d00000, 0x00000000a9d00000| Untracked 
| 158|0x00000000a9e00000, 0x00000000a9f00000, 0x00000000a9f00000|100%| O|  |TAMS 0x00000000a9e00000, 0x00000000a9e00000| Untracked 
| 159|0x00000000a9f00000, 0x00000000aa000000, 0x00000000aa000000|100%| O|  |TAMS 0x00000000a9f00000, 0x00000000a9f00000| Untracked 
| 160|0x00000000aa000000, 0x00000000aa100000, 0x00000000aa100000|100%| O|  |TAMS 0x00000000aa000000, 0x00000000aa000000| Untracked 
| 161|0x00000000aa100000, 0x00000000aa200000, 0x00000000aa200000|100%| O|  |TAMS 0x00000000aa100000, 0x00000000aa100000| Untracked 
| 162|0x00000000aa200000, 0x00000000aa300000, 0x00000000aa300000|100%| O|  |TAMS 0x00000000aa200000, 0x00000000aa200000| Untracked 
| 163|0x00000000aa300000, 0x00000000aa361200, 0x00000000aa400000| 37%| O|  |TAMS 0x00000000aa300000, 0x00000000aa300000| Untracked 
| 164|0x00000000aa400000, 0x00000000aa500000, 0x00000000aa500000|100%|HS|  |TAMS 0x00000000aa400000, 0x00000000aa400000| Complete 
| 165|0x00000000aa500000, 0x00000000aa500000, 0x00000000aa600000|  0%| F|  |TAMS 0x00000000aa500000, 0x00000000aa500000| Untracked 
| 166|0x00000000aa600000, 0x00000000aa700000, 0x00000000aa700000|100%| O|  |TAMS 0x00000000aa600000, 0x00000000aa600000| Untracked 
| 167|0x00000000aa700000, 0x00000000aa700000, 0x00000000aa800000|  0%| F|  |TAMS 0x00000000aa700000, 0x00000000aa700000| Untracked 
| 168|0x00000000aa800000, 0x00000000aa800000, 0x00000000aa900000|  0%| F|  |TAMS 0x00000000aa800000, 0x00000000aa800000| Untracked 
| 169|0x00000000aa900000, 0x00000000aa900000, 0x00000000aaa00000|  0%| F|  |TAMS 0x00000000aa900000, 0x00000000aa900000| Untracked 
| 170|0x00000000aaa00000, 0x00000000aaa00000, 0x00000000aab00000|  0%| F|  |TAMS 0x00000000aaa00000, 0x00000000aaa00000| Untracked 
| 171|0x00000000aab00000, 0x00000000aab00000, 0x00000000aac00000|  0%| F|  |TAMS 0x00000000aab00000, 0x00000000aab00000| Untracked 
| 172|0x00000000aac00000, 0x00000000aac00000, 0x00000000aad00000|  0%| F|  |TAMS 0x00000000aac00000, 0x00000000aac00000| Untracked 
| 173|0x00000000aad00000, 0x00000000aad00000, 0x00000000aae00000|  0%| F|  |TAMS 0x00000000aad00000, 0x00000000aad00000| Untracked 
| 174|0x00000000aae00000, 0x00000000aae00000, 0x00000000aaf00000|  0%| F|  |TAMS 0x00000000aae00000, 0x00000000aae00000| Untracked 
| 175|0x00000000aaf00000, 0x00000000aaf00000, 0x00000000ab000000|  0%| F|  |TAMS 0x00000000aaf00000, 0x00000000aaf00000| Untracked 
| 176|0x00000000ab000000, 0x00000000ab000000, 0x00000000ab100000|  0%| F|  |TAMS 0x00000000ab000000, 0x00000000ab000000| Untracked 
| 177|0x00000000ab100000, 0x00000000ab100000, 0x00000000ab200000|  0%| F|  |TAMS 0x00000000ab100000, 0x00000000ab100000| Untracked 
| 178|0x00000000ab200000, 0x00000000ab200000, 0x00000000ab300000|  0%| F|  |TAMS 0x00000000ab200000, 0x00000000ab200000| Untracked 
| 179|0x00000000ab300000, 0x00000000ab300000, 0x00000000ab400000|  0%| F|  |TAMS 0x00000000ab300000, 0x00000000ab300000| Untracked 
| 180|0x00000000ab400000, 0x00000000ab400000, 0x00000000ab500000|  0%| F|  |TAMS 0x00000000ab400000, 0x00000000ab400000| Untracked 
| 181|0x00000000ab500000, 0x00000000ab500000, 0x00000000ab600000|  0%| F|  |TAMS 0x00000000ab500000, 0x00000000ab500000| Untracked 
| 182|0x00000000ab600000, 0x00000000ab600000, 0x00000000ab700000|  0%| F|  |TAMS 0x00000000ab600000, 0x00000000ab600000| Untracked 
| 183|0x00000000ab700000, 0x00000000ab700000, 0x00000000ab800000|  0%| F|  |TAMS 0x00000000ab700000, 0x00000000ab700000| Untracked 
| 184|0x00000000ab800000, 0x00000000ab800000, 0x00000000ab900000|  0%| F|  |TAMS 0x00000000ab800000, 0x00000000ab800000| Untracked 
| 185|0x00000000ab900000, 0x00000000ab900000, 0x00000000aba00000|  0%| F|  |TAMS 0x00000000ab900000, 0x00000000ab900000| Untracked 
| 186|0x00000000aba00000, 0x00000000aba00000, 0x00000000abb00000|  0%| F|  |TAMS 0x00000000aba00000, 0x00000000aba00000| Untracked 
| 187|0x00000000abb00000, 0x00000000abb00000, 0x00000000abc00000|  0%| F|  |TAMS 0x00000000abb00000, 0x00000000abb00000| Untracked 
| 188|0x00000000abc00000, 0x00000000abc00000, 0x00000000abd00000|  0%| F|  |TAMS 0x00000000abc00000, 0x00000000abc00000| Untracked 
| 189|0x00000000abd00000, 0x00000000abd00000, 0x00000000abe00000|  0%| F|  |TAMS 0x00000000abd00000, 0x00000000abd00000| Untracked 
| 190|0x00000000abe00000, 0x00000000abe00000, 0x00000000abf00000|  0%| F|  |TAMS 0x00000000abe00000, 0x00000000abe00000| Untracked 
| 191|0x00000000abf00000, 0x00000000abf00000, 0x00000000ac000000|  0%| F|  |TAMS 0x00000000abf00000, 0x00000000abf00000| Untracked 
| 192|0x00000000ac000000, 0x00000000ac000000, 0x00000000ac100000|  0%| F|  |TAMS 0x00000000ac000000, 0x00000000ac000000| Untracked 
| 193|0x00000000ac100000, 0x00000000ac100000, 0x00000000ac200000|  0%| F|  |TAMS 0x00000000ac100000, 0x00000000ac100000| Untracked 
| 194|0x00000000ac200000, 0x00000000ac200000, 0x00000000ac300000|  0%| F|  |TAMS 0x00000000ac200000, 0x00000000ac200000| Untracked 
| 195|0x00000000ac300000, 0x00000000ac300000, 0x00000000ac400000|  0%| F|  |TAMS 0x00000000ac300000, 0x00000000ac300000| Untracked 
| 196|0x00000000ac400000, 0x00000000ac400000, 0x00000000ac500000|  0%| F|  |TAMS 0x00000000ac400000, 0x00000000ac400000| Untracked 
| 197|0x00000000ac500000, 0x00000000ac500000, 0x00000000ac600000|  0%| F|  |TAMS 0x00000000ac500000, 0x00000000ac500000| Untracked 
| 198|0x00000000ac600000, 0x00000000ac600000, 0x00000000ac700000|  0%| F|  |TAMS 0x00000000ac600000, 0x00000000ac600000| Untracked 
| 199|0x00000000ac700000, 0x00000000ac700000, 0x00000000ac800000|  0%| F|  |TAMS 0x00000000ac700000, 0x00000000ac700000| Untracked 
| 200|0x00000000ac800000, 0x00000000ac800000, 0x00000000ac900000|  0%| F|  |TAMS 0x00000000ac800000, 0x00000000ac800000| Untracked 
| 201|0x00000000ac900000, 0x00000000ac900000, 0x00000000aca00000|  0%| F|  |TAMS 0x00000000ac900000, 0x00000000ac900000| Untracked 
| 202|0x00000000aca00000, 0x00000000aca00000, 0x00000000acb00000|  0%| F|  |TAMS 0x00000000aca00000, 0x00000000aca00000| Untracked 
| 203|0x00000000acb00000, 0x00000000acb00000, 0x00000000acc00000|  0%| F|  |TAMS 0x00000000acb00000, 0x00000000acb00000| Untracked 
| 204|0x00000000acc00000, 0x00000000acc00000, 0x00000000acd00000|  0%| F|  |TAMS 0x00000000acc00000, 0x00000000acc00000| Untracked 
| 205|0x00000000acd00000, 0x00000000acd00000, 0x00000000ace00000|  0%| F|  |TAMS 0x00000000acd00000, 0x00000000acd00000| Untracked 
| 206|0x00000000ace00000, 0x00000000ace00000, 0x00000000acf00000|  0%| F|  |TAMS 0x00000000ace00000, 0x00000000ace00000| Untracked 
| 207|0x00000000acf00000, 0x00000000acf00000, 0x00000000ad000000|  0%| F|  |TAMS 0x00000000acf00000, 0x00000000acf00000| Untracked 
| 208|0x00000000ad000000, 0x00000000ad000000, 0x00000000ad100000|  0%| F|  |TAMS 0x00000000ad000000, 0x00000000ad000000| Untracked 
| 209|0x00000000ad100000, 0x00000000ad100000, 0x00000000ad200000|  0%| F|  |TAMS 0x00000000ad100000, 0x00000000ad100000| Untracked 
| 210|0x00000000ad200000, 0x00000000ad200000, 0x00000000ad300000|  0%| F|  |TAMS 0x00000000ad200000, 0x00000000ad200000| Untracked 
| 211|0x00000000ad300000, 0x00000000ad300000, 0x00000000ad400000|  0%| F|  |TAMS 0x00000000ad300000, 0x00000000ad300000| Untracked 
| 212|0x00000000ad400000, 0x00000000ad400000, 0x00000000ad500000|  0%| F|  |TAMS 0x00000000ad400000, 0x00000000ad400000| Untracked 
| 213|0x00000000ad500000, 0x00000000ad500000, 0x00000000ad600000|  0%| F|  |TAMS 0x00000000ad500000, 0x00000000ad500000| Untracked 
| 214|0x00000000ad600000, 0x00000000ad600000, 0x00000000ad700000|  0%| F|  |TAMS 0x00000000ad600000, 0x00000000ad600000| Untracked 
| 215|0x00000000ad700000, 0x00000000ad700000, 0x00000000ad800000|  0%| F|  |TAMS 0x00000000ad700000, 0x00000000ad700000| Untracked 
| 216|0x00000000ad800000, 0x00000000ad800000, 0x00000000ad900000|  0%| F|  |TAMS 0x00000000ad800000, 0x00000000ad800000| Untracked 
| 217|0x00000000ad900000, 0x00000000ad900000, 0x00000000ada00000|  0%| F|  |TAMS 0x00000000ad900000, 0x00000000ad900000| Untracked 
| 218|0x00000000ada00000, 0x00000000ada00000, 0x00000000adb00000|  0%| F|  |TAMS 0x00000000ada00000, 0x00000000ada00000| Untracked 
| 219|0x00000000adb00000, 0x00000000adb00000, 0x00000000adc00000|  0%| F|  |TAMS 0x00000000adb00000, 0x00000000adb00000| Untracked 
| 220|0x00000000adc00000, 0x00000000adc00000, 0x00000000add00000|  0%| F|  |TAMS 0x00000000adc00000, 0x00000000adc00000| Untracked 
| 221|0x00000000add00000, 0x00000000add00000, 0x00000000ade00000|  0%| F|  |TAMS 0x00000000add00000, 0x00000000add00000| Untracked 
| 222|0x00000000ade00000, 0x00000000ade00000, 0x00000000adf00000|  0%| F|  |TAMS 0x00000000ade00000, 0x00000000ade00000| Untracked 
| 223|0x00000000adf00000, 0x00000000adf00000, 0x00000000ae000000|  0%| F|  |TAMS 0x00000000adf00000, 0x00000000adf00000| Untracked 
| 224|0x00000000ae000000, 0x00000000ae000000, 0x00000000ae100000|  0%| F|  |TAMS 0x00000000ae000000, 0x00000000ae000000| Untracked 
| 225|0x00000000ae100000, 0x00000000ae100000, 0x00000000ae200000|  0%| F|  |TAMS 0x00000000ae100000, 0x00000000ae100000| Untracked 
| 226|0x00000000ae200000, 0x00000000ae200000, 0x00000000ae300000|  0%| F|  |TAMS 0x00000000ae200000, 0x00000000ae200000| Untracked 
| 227|0x00000000ae300000, 0x00000000ae300000, 0x00000000ae400000|  0%| F|  |TAMS 0x00000000ae300000, 0x00000000ae300000| Untracked 
| 228|0x00000000ae400000, 0x00000000ae400000, 0x00000000ae500000|  0%| F|  |TAMS 0x00000000ae400000, 0x00000000ae400000| Untracked 
| 229|0x00000000ae500000, 0x00000000ae500000, 0x00000000ae600000|  0%| F|  |TAMS 0x00000000ae500000, 0x00000000ae500000| Untracked 
| 230|0x00000000ae600000, 0x00000000ae600000, 0x00000000ae700000|  0%| F|  |TAMS 0x00000000ae600000, 0x00000000ae600000| Untracked 
| 231|0x00000000ae700000, 0x00000000ae700000, 0x00000000ae800000|  0%| F|  |TAMS 0x00000000ae700000, 0x00000000ae700000| Untracked 
| 232|0x00000000ae800000, 0x00000000ae800000, 0x00000000ae900000|  0%| F|  |TAMS 0x00000000ae800000, 0x00000000ae800000| Untracked 
| 233|0x00000000ae900000, 0x00000000ae900000, 0x00000000aea00000|  0%| F|  |TAMS 0x00000000ae900000, 0x00000000ae900000| Untracked 
| 234|0x00000000aea00000, 0x00000000aea00000, 0x00000000aeb00000|  0%| F|  |TAMS 0x00000000aea00000, 0x00000000aea00000| Untracked 
| 235|0x00000000aeb00000, 0x00000000aeb00000, 0x00000000aec00000|  0%| F|  |TAMS 0x00000000aeb00000, 0x00000000aeb00000| Untracked 
| 236|0x00000000aec00000, 0x00000000aec00000, 0x00000000aed00000|  0%| F|  |TAMS 0x00000000aec00000, 0x00000000aec00000| Untracked 
| 237|0x00000000aed00000, 0x00000000aed00000, 0x00000000aee00000|  0%| F|  |TAMS 0x00000000aed00000, 0x00000000aed00000| Untracked 
| 238|0x00000000aee00000, 0x00000000aee00000, 0x00000000aef00000|  0%| F|  |TAMS 0x00000000aee00000, 0x00000000aee00000| Untracked 
| 239|0x00000000aef00000, 0x00000000aef00000, 0x00000000af000000|  0%| F|  |TAMS 0x00000000aef00000, 0x00000000aef00000| Untracked 
| 240|0x00000000af000000, 0x00000000af000000, 0x00000000af100000|  0%| F|  |TAMS 0x00000000af000000, 0x00000000af000000| Untracked 
| 241|0x00000000af100000, 0x00000000af100000, 0x00000000af200000|  0%| F|  |TAMS 0x00000000af100000, 0x00000000af100000| Untracked 
| 242|0x00000000af200000, 0x00000000af200000, 0x00000000af300000|  0%| F|  |TAMS 0x00000000af200000, 0x00000000af200000| Untracked 
| 243|0x00000000af300000, 0x00000000af300000, 0x00000000af400000|  0%| F|  |TAMS 0x00000000af300000, 0x00000000af300000| Untracked 
| 244|0x00000000af400000, 0x00000000af400000, 0x00000000af500000|  0%| F|  |TAMS 0x00000000af400000, 0x00000000af400000| Untracked 
| 245|0x00000000af500000, 0x00000000af500000, 0x00000000af600000|  0%| F|  |TAMS 0x00000000af500000, 0x00000000af500000| Untracked 
| 246|0x00000000af600000, 0x00000000af600000, 0x00000000af700000|  0%| F|  |TAMS 0x00000000af600000, 0x00000000af600000| Untracked 
| 247|0x00000000af700000, 0x00000000af700000, 0x00000000af800000|  0%| F|  |TAMS 0x00000000af700000, 0x00000000af700000| Untracked 
| 248|0x00000000af800000, 0x00000000af800000, 0x00000000af900000|  0%| F|  |TAMS 0x00000000af800000, 0x00000000af800000| Untracked 
| 249|0x00000000af900000, 0x00000000af900000, 0x00000000afa00000|  0%| F|  |TAMS 0x00000000af900000, 0x00000000af900000| Untracked 
| 250|0x00000000afa00000, 0x00000000afa00000, 0x00000000afb00000|  0%| F|  |TAMS 0x00000000afa00000, 0x00000000afa00000| Untracked 
| 251|0x00000000afb00000, 0x00000000afb00000, 0x00000000afc00000|  0%| F|  |TAMS 0x00000000afb00000, 0x00000000afb00000| Untracked 
| 252|0x00000000afc00000, 0x00000000afc00000, 0x00000000afd00000|  0%| F|  |TAMS 0x00000000afc00000, 0x00000000afc00000| Untracked 
| 253|0x00000000afd00000, 0x00000000afd00000, 0x00000000afe00000|  0%| F|  |TAMS 0x00000000afd00000, 0x00000000afd00000| Untracked 
| 254|0x00000000afe00000, 0x00000000afe00000, 0x00000000aff00000|  0%| F|  |TAMS 0x00000000afe00000, 0x00000000afe00000| Untracked 
| 255|0x00000000aff00000, 0x00000000aff00000, 0x00000000b0000000|  0%| F|  |TAMS 0x00000000aff00000, 0x00000000aff00000| Untracked 
| 256|0x00000000b0000000, 0x00000000b0000000, 0x00000000b0100000|  0%| F|  |TAMS 0x00000000b0000000, 0x00000000b0000000| Untracked 
| 257|0x00000000b0100000, 0x00000000b0100000, 0x00000000b0200000|  0%| F|  |TAMS 0x00000000b0100000, 0x00000000b0100000| Untracked 
| 258|0x00000000b0200000, 0x00000000b0200000, 0x00000000b0300000|  0%| F|  |TAMS 0x00000000b0200000, 0x00000000b0200000| Untracked 
| 259|0x00000000b0300000, 0x00000000b0300000, 0x00000000b0400000|  0%| F|  |TAMS 0x00000000b0300000, 0x00000000b0300000| Untracked 
| 260|0x00000000b0400000, 0x00000000b0400000, 0x00000000b0500000|  0%| F|  |TAMS 0x00000000b0400000, 0x00000000b0400000| Untracked 
| 261|0x00000000b0500000, 0x00000000b0500000, 0x00000000b0600000|  0%| F|  |TAMS 0x00000000b0500000, 0x00000000b0500000| Untracked 
| 262|0x00000000b0600000, 0x00000000b0600000, 0x00000000b0700000|  0%| F|  |TAMS 0x00000000b0600000, 0x00000000b0600000| Untracked 
| 263|0x00000000b0700000, 0x00000000b0700000, 0x00000000b0800000|  0%| F|  |TAMS 0x00000000b0700000, 0x00000000b0700000| Untracked 
| 264|0x00000000b0800000, 0x00000000b08f5820, 0x00000000b0900000| 95%| S|CS|TAMS 0x00000000b0800000, 0x00000000b0800000| Complete 
| 265|0x00000000b0900000, 0x00000000b0900000, 0x00000000b0a00000|  0%| F|  |TAMS 0x00000000b0900000, 0x00000000b0900000| Untracked 
| 266|0x00000000b0a00000, 0x00000000b0b00000, 0x00000000b0b00000|100%| S|CS|TAMS 0x00000000b0a00000, 0x00000000b0a00000| Complete 
| 267|0x00000000b0b00000, 0x00000000b0b00000, 0x00000000b0c00000|  0%| F|  |TAMS 0x00000000b0b00000, 0x00000000b0b00000| Untracked 
| 268|0x00000000b0c00000, 0x00000000b0c00000, 0x00000000b0d00000|  0%| F|  |TAMS 0x00000000b0c00000, 0x00000000b0c00000| Untracked 
| 269|0x00000000b0d00000, 0x00000000b0d00000, 0x00000000b0e00000|  0%| F|  |TAMS 0x00000000b0d00000, 0x00000000b0d00000| Untracked 
| 270|0x00000000b0e00000, 0x00000000b0e00000, 0x00000000b0f00000|  0%| F|  |TAMS 0x00000000b0e00000, 0x00000000b0e00000| Untracked 
| 271|0x00000000b0f00000, 0x00000000b0f00000, 0x00000000b1000000|  0%| F|  |TAMS 0x00000000b0f00000, 0x00000000b0f00000| Untracked 
| 272|0x00000000b1000000, 0x00000000b1000000, 0x00000000b1100000|  0%| F|  |TAMS 0x00000000b1000000, 0x00000000b1000000| Untracked 
| 273|0x00000000b1100000, 0x00000000b1100000, 0x00000000b1200000|  0%| F|  |TAMS 0x00000000b1100000, 0x00000000b1100000| Untracked 
| 274|0x00000000b1200000, 0x00000000b1200000, 0x00000000b1300000|  0%| F|  |TAMS 0x00000000b1200000, 0x00000000b1200000| Untracked 
| 275|0x00000000b1300000, 0x00000000b1300000, 0x00000000b1400000|  0%| F|  |TAMS 0x00000000b1300000, 0x00000000b1300000| Untracked 
| 276|0x00000000b1400000, 0x00000000b1400000, 0x00000000b1500000|  0%| F|  |TAMS 0x00000000b1400000, 0x00000000b1400000| Untracked 
| 277|0x00000000b1500000, 0x00000000b1500000, 0x00000000b1600000|  0%| F|  |TAMS 0x00000000b1500000, 0x00000000b1500000| Untracked 
| 278|0x00000000b1600000, 0x00000000b1600000, 0x00000000b1700000|  0%| F|  |TAMS 0x00000000b1600000, 0x00000000b1600000| Untracked 
| 279|0x00000000b1700000, 0x00000000b1700000, 0x00000000b1800000|  0%| F|  |TAMS 0x00000000b1700000, 0x00000000b1700000| Untracked 

Card table byte_map: [0x000001e0e7e00000,0x000001e0e8100000] _byte_map_base: 0x000001e0e7900000

Marking Bits (Prev, Next): (CMBitMap*) 0x000001e0d49daa38, (CMBitMap*) 0x000001e0d49daa70
 Prev Bits: [0x000001e0e8400000, 0x000001e0e9c00000)
 Next Bits: [0x000001e0e9c00000, 0x000001e0eb400000)

Polling page: 0x000001e0d84a0000

Metaspace:

Usage:
  Non-class:    109.28 MB capacity,   107.08 MB ( 98%) used,     1.85 MB (  2%) free+waste,   357.88 KB ( <1%) overhead. 
      Class:     16.22 MB capacity,    15.05 MB ( 93%) used,     1.01 MB (  6%) free+waste,   159.00 KB ( <1%) overhead. 
       Both:    125.50 MB capacity,   122.13 MB ( 97%) used,     2.86 MB (  2%) free+waste,   516.88 KB ( <1%) overhead. 

Virtual space:
  Non-class space:      110.00 MB reserved,     109.42 MB (>99%) committed 
      Class space:        1.00 GB reserved,      16.32 MB (  2%) committed 
             Both:        1.11 GB reserved,     125.74 MB ( 11%) committed 

Chunk freelists:
   Non-Class:  11.00 KB
       Class:  0 bytes
        Both:  11.00 KB

MaxMetaspaceSize: 17179869184.00 GB
CompressedClassSpaceSize: 1.00 GB

CodeHeap 'non-profiled nmethods': size=120064Kb used=16382Kb max_used=16382Kb free=103681Kb
 bounds [0x000001e0dff80000, 0x000001e0e0f90000, 0x000001e0e74c0000]
CodeHeap 'profiled nmethods': size=120000Kb used=42965Kb max_used=42965Kb free=77034Kb
 bounds [0x000001e0d8a50000, 0x000001e0db470000, 0x000001e0dff80000]
CodeHeap 'non-nmethods': size=5696Kb used=2366Kb max_used=2416Kb free=3329Kb
 bounds [0x000001e0d84c0000, 0x000001e0d8730000, 0x000001e0d8a50000]
 total_blobs=20138 nmethods=19139 adapters=910
 compilation: enabled
              stopped_count=0, restarted_count=0
 full_count=0

Compilation events (20 events):
Event: 1442.826 Thread 0x000001e0ee24d800 nmethod 22475 0x000001e0db429110 code [0x000001e0db4292e0, 0x000001e0db429678]
Event: 1442.979 Thread 0x000001e0ee24d800 22480       1       org.gradle.api.internal.artifacts.dependencies.DefaultSelfResolvingDependency::getFiles (5 bytes)
Event: 1442.979 Thread 0x000001e0ee24d800 nmethod 22480 0x000001e0e0f72410 code [0x000001e0e0f725c0, 0x000001e0e0f72678]
Event: 1442.983 Thread 0x000001e0ee248000 22481       4       org.gradle.internal.Try$Success::getOrMapFailure (5 bytes)
Event: 1442.984 Thread 0x000001e0ee248000 nmethod 22481 0x000001e0e0f72710 code [0x000001e0e0f728a0, 0x000001e0e0f72918]
Event: 1442.984 Thread 0x000001e0ee248000 22482       4       org.gradle.internal.execution.steps.IdentifyStep$$Lambda$1060/0x000000010074a840::include (7 bytes)
Event: 1442.985 Thread 0x000001e0ee248000 nmethod 22482 0x000001e0e0f72990 code [0x000001e0e0f72b20, 0x000001e0e0f72b98]
Event: 1443.181 Thread 0x000001e0ee24d800 22483       3       org.gradle.internal.logging.sink.ProgressLogEventGenerator::onStart (42 bytes)
Event: 1443.182 Thread 0x000001e0ee24d800 nmethod 22483 0x000001e0db429790 code [0x000001e0db429980, 0x000001e0db429df8]
Event: 1443.322 Thread 0x000001e0ee248000 22484 %     4       org.objectweb.asm.ClassReader::readCode @ 1541 (5089 bytes)
Event: 1445.272 Thread 0x000001e0ee24d800 22492       3       org.gradle.internal.snapshot.AbstractIncompleteFileSystemNode::anyChildMatches (28 bytes)
Event: 1445.273 Thread 0x000001e0ee24d800 nmethod 22492 0x000001e0db429f90 code [0x000001e0db42a1a0, 0x000001e0db42a6d8]
Event: 1445.625 Thread 0x000001e0ee248000 nmethod 22484% 0x000001e0e0f72c90 code [0x000001e0e0f73460, 0x000001e0e0f7cb18]
Event: 1445.625 Thread 0x000001e0ee248000 22485       4       org.objectweb.asm.ClassReader::readMethod (1047 bytes)
Event: 1446.079 Thread 0x000001e0ee24d800 22494 %     3       org.objectweb.asm.ClassReader::readCode @ 2165 (5089 bytes)
Event: 1446.460 Thread 0x000001e0ee24d800 nmethod 22494% 0x000001e0db42a890 code [0x000001e0db42be00, 0x000001e0db43fbe8]
Event: 1446.461 Thread 0x000001e0ee24d800 22500 %     2       org.objectweb.asm.ClassReader::readCode @ 71 (5089 bytes)
Event: 1446.511 Thread 0x000001e0ee24d800 nmethod 22500% 0x000001e0db449610 code [0x000001e0db44a200, 0x000001e0db453608]
Event: 1446.511 Thread 0x000001e0ee24d800 22502       2       org.objectweb.asm.ClassReader::readCode (5089 bytes)
Event: 1446.555 Thread 0x000001e0ee24d800 nmethod 22502 0x000001e0db45ba10 code [0x000001e0db45c5a0, 0x000001e0db464d88]

GC Heap History (20 events):
Event: 1392.956 GC heap after
{Heap after GC invocations=259 (full 0):
 garbage-first heap   total 286720K, used 161160K [0x00000000a0000000, 0x0000000100000000)
  region size 1024K, 2 young (2048K), 2 survivors (2048K)
 Metaspace       used 124882K, capacity 128167K, committed 128504K, reserved 1161216K
  class space    used 15406K, capacity 16605K, committed 16716K, reserved 1048576K
}
Event: 1402.299 GC heap before
{Heap before GC invocations=259 (full 0):
 garbage-first heap   total 286720K, used 172424K [0x00000000a0000000, 0x0000000100000000)
  region size 1024K, 14 young (14336K), 2 survivors (2048K)
 Metaspace       used 124928K, capacity 128231K, committed 128504K, reserved 1161216K
  class space    used 15408K, capacity 16605K, committed 16716K, reserved 1048576K
}
Event: 1402.413 GC heap after
{Heap after GC invocations=260 (full 0):
 garbage-first heap   total 286720K, used 162397K [0x00000000a0000000, 0x0000000100000000)
  region size 1024K, 2 young (2048K), 2 survivors (2048K)
 Metaspace       used 124928K, capacity 128231K, committed 128504K, reserved 1161216K
  class space    used 15408K, capacity 16605K, committed 16716K, reserved 1048576K
}
Event: 1411.537 GC heap before
{Heap before GC invocations=260 (full 0):
 garbage-first heap   total 286720K, used 173661K [0x00000000a0000000, 0x0000000100000000)
  region size 1024K, 14 young (14336K), 2 survivors (2048K)
 Metaspace       used 124986K, capacity 128310K, committed 128504K, reserved 1161216K
  class space    used 15408K, capacity 16605K, committed 16716K, reserved 1048576K
}
Event: 1412.148 GC heap after
{Heap after GC invocations=261 (full 0):
 garbage-first heap   total 286720K, used 163200K [0x00000000a0000000, 0x0000000100000000)
  region size 1024K, 1 young (1024K), 1 survivors (1024K)
 Metaspace       used 124986K, capacity 128310K, committed 128504K, reserved 1161216K
  class space    used 15408K, capacity 16605K, committed 16716K, reserved 1048576K
}
Event: 1433.393 GC heap before
{Heap before GC invocations=261 (full 0):
 garbage-first heap   total 286720K, used 175488K [0x00000000a0000000, 0x0000000100000000)
  region size 1024K, 14 young (14336K), 1 survivors (1024K)
 Metaspace       used 125016K, capacity 128316K, committed 128504K, reserved 1161216K
  class space    used 15409K, capacity 16606K, committed 16716K, reserved 1048576K
}
Event: 1434.030 GC heap after
{Heap after GC invocations=262 (full 0):
 garbage-first heap   total 286720K, used 163634K [0x00000000a0000000, 0x0000000100000000)
  region size 1024K, 2 young (2048K), 2 survivors (2048K)
 Metaspace       used 125016K, capacity 128316K, committed 128504K, reserved 1161216K
  class space    used 15409K, capacity 16606K, committed 16716K, reserved 1048576K
}
Event: 1441.848 GC heap before
{Heap before GC invocations=262 (full 0):
 garbage-first heap   total 286720K, used 175922K [0x00000000a0000000, 0x0000000100000000)
  region size 1024K, 14 young (14336K), 2 survivors (2048K)
 Metaspace       used 125056K, capacity 128511K, committed 128760K, reserved 1161216K
  class space    used 15409K, capacity 16606K, committed 16716K, reserved 1048576K
}
Event: 1442.289 GC heap after
{Heap after GC invocations=263 (full 0):
 garbage-first heap   total 286720K, used 164834K [0x00000000a0000000, 0x0000000100000000)
  region size 1024K, 2 young (2048K), 2 survivors (2048K)
 Metaspace       used 125056K, capacity 128511K, committed 128760K, reserved 1161216K
  class space    used 15409K, capacity 16606K, committed 16716K, reserved 1048576K
}
Event: 1444.214 GC heap before
{Heap before GC invocations=263 (full 0):
 garbage-first heap   total 286720K, used 178146K [0x00000000a0000000, 0x0000000100000000)
  region size 1024K, 14 young (14336K), 2 survivors (2048K)
 Metaspace       used 125064K, capacity 128511K, committed 128760K, reserved 1161216K
  class space    used 15409K, capacity 16606K, committed 16716K, reserved 1048576K
}
Event: 1444.509 GC heap after
{Heap after GC invocations=264 (full 0):
 garbage-first heap   total 286720K, used 167309K [0x00000000a0000000, 0x0000000100000000)
  region size 1024K, 1 young (1024K), 1 survivors (1024K)
 Metaspace       used 125064K, capacity 128511K, committed 128760K, reserved 1161216K
  class space    used 15409K, capacity 16606K, committed 16716K, reserved 1048576K
}
Event: 1444.989 GC heap before
{Heap before GC invocations=264 (full 0):
 garbage-first heap   total 286720K, used 180621K [0x00000000a0000000, 0x0000000100000000)
  region size 1024K, 14 young (14336K), 1 survivors (1024K)
 Metaspace       used 125064K, capacity 128511K, committed 128760K, reserved 1161216K
  class space    used 15409K, capacity 16606K, committed 16716K, reserved 1048576K
}
Event: 1445.041 GC heap after
{Heap after GC invocations=265 (full 0):
 garbage-first heap   total 286720K, used 166949K [0x00000000a0000000, 0x0000000100000000)
  region size 1024K, 2 young (2048K), 2 survivors (2048K)
 Metaspace       used 125064K, capacity 128511K, committed 128760K, reserved 1161216K
  class space    used 15409K, capacity 16606K, committed 16716K, reserved 1048576K
}
Event: 1445.716 GC heap before
{Heap before GC invocations=265 (full 0):
 garbage-first heap   total 286720K, used 182309K [0x00000000a0000000, 0x0000000100000000)
  region size 1024K, 14 young (14336K), 2 survivors (2048K)
 Metaspace       used 125064K, capacity 128511K, committed 128760K, reserved 1161216K
  class space    used 15409K, capacity 16606K, committed 16716K, reserved 1048576K
}
Event: 1446.052 GC heap after
{Heap after GC invocations=266 (full 0):
 garbage-first heap   total 286720K, used 168392K [0x00000000a0000000, 0x0000000100000000)
  region size 1024K, 2 young (2048K), 2 survivors (2048K)
 Metaspace       used 125064K, capacity 128511K, committed 128760K, reserved 1161216K
  class space    used 15409K, capacity 16606K, committed 16716K, reserved 1048576K
}
Event: 1446.233 GC heap before
{Heap before GC invocations=266 (full 0):
 garbage-first heap   total 286720K, used 179656K [0x00000000a0000000, 0x0000000100000000)
  region size 1024K, 14 young (14336K), 2 survivors (2048K)
 Metaspace       used 125064K, capacity 128511K, committed 128760K, reserved 1161216K
  class space    used 15409K, capacity 16606K, committed 16716K, reserved 1048576K
}
Event: 1446.458 GC heap after
{Heap after GC invocations=267 (full 0):
 garbage-first heap   total 286720K, used 169406K [0x00000000a0000000, 0x0000000100000000)
  region size 1024K, 2 young (2048K), 2 survivors (2048K)
 Metaspace       used 125064K, capacity 128511K, committed 128760K, reserved 1161216K
  class space    used 15409K, capacity 16606K, committed 16716K, reserved 1048576K
}
Event: 1446.564 GC heap before
{Heap before GC invocations=267 (full 0):
 garbage-first heap   total 286720K, used 180670K [0x00000000a0000000, 0x0000000100000000)
  region size 1024K, 14 young (14336K), 2 survivors (2048K)
 Metaspace       used 125064K, capacity 128511K, committed 128760K, reserved 1161216K
  class space    used 15409K, capacity 16606K, committed 16716K, reserved 1048576K
}
Event: 1446.567 GC heap after
{Heap after GC invocations=268 (full 0):
 garbage-first heap   total 286720K, used 170198K [0x00000000a0000000, 0x0000000100000000)
  region size 1024K, 2 young (2048K), 2 survivors (2048K)
 Metaspace       used 125064K, capacity 128511K, committed 128760K, reserved 1161216K
  class space    used 15409K, capacity 16606K, committed 16716K, reserved 1048576K
}
Event: 1446.610 GC heap before
{Heap before GC invocations=268 (full 0):
 garbage-first heap   total 286720K, used 182486K [0x00000000a0000000, 0x0000000100000000)
  region size 1024K, 14 young (14336K), 2 survivors (2048K)
 Metaspace       used 125064K, capacity 128511K, committed 128760K, reserved 1161216K
  class space    used 15409K, capacity 16606K, committed 16716K, reserved 1048576K
}

Deoptimization events (20 events):
Event: 1443.321 Thread 0x000001e0f2d7c000 Uncommon trap: trap_request=0xffffffbe fr.pc=0x000001e0e0f36990 relative=0x0000000000006190
Event: 1443.321 Thread 0x000001e0f2d7c000 Uncommon trap: reason=profile_predicate action=maybe_recompile pc=0x000001e0e0f36990 method=org.objectweb.asm.ClassReader.readCode(Lorg/objectweb/asm/MethodVisitor;Lorg/objectweb/asm/Context;I)V @ 4660 c2
Event: 1443.321 Thread 0x000001e0f2d7c000 DEOPT PACKING pc=0x000001e0e0f36990 sp=0x000000a2c73f5b70
Event: 1443.321 Thread 0x000001e0f2d7c000 DEOPT UNPACKING pc=0x000001e0d84e732f sp=0x000000a2c73f5ad8 mode 2
Event: 1443.326 Thread 0x000001e0f2d7c000 Uncommon trap: trap_request=0xffffffbe fr.pc=0x000001e0e0f17d3c relative=0x0000000000005e1c
Event: 1443.326 Thread 0x000001e0f2d7c000 Uncommon trap: reason=profile_predicate action=maybe_recompile pc=0x000001e0e0f17d3c method=org.objectweb.asm.ClassReader.readCode(Lorg/objectweb/asm/MethodVisitor;Lorg/objectweb/asm/Context;I)V @ 4660 c2
Event: 1443.326 Thread 0x000001e0f2d7c000 DEOPT PACKING pc=0x000001e0e0f17d3c sp=0x000000a2c73f5b80
Event: 1443.548 Thread 0x000001e0f2d7c000 DEOPT UNPACKING pc=0x000001e0d84e732f sp=0x000000a2c73f5ad8 mode 2
Event: 1445.261 Thread 0x000001e0f2d7c000 Uncommon trap: trap_request=0xffffffbe fr.pc=0x000001e0e0df05c0 relative=0x0000000000006e20
Event: 1445.261 Thread 0x000001e0f2d7c000 Uncommon trap: reason=profile_predicate action=maybe_recompile pc=0x000001e0e0df05c0 method=org.objectweb.asm.ClassReader.readCode(Lorg/objectweb/asm/MethodVisitor;Lorg/objectweb/asm/Context;I)V @ 4660 c2
Event: 1445.261 Thread 0x000001e0f2d7c000 DEOPT PACKING pc=0x000001e0e0df05c0 sp=0x000000a2c73f5ad0
Event: 1445.262 Thread 0x000001e0f2d7c000 DEOPT UNPACKING pc=0x000001e0d84e732f sp=0x000000a2c73f5a68 mode 2
Event: 1446.558 Thread 0x000001e0f2d7e000 DEOPT PACKING pc=0x000001e0db4638a7 sp=0x000000a2c80fa620
Event: 1446.558 Thread 0x000001e0f2d7e000 DEOPT UNPACKING pc=0x000001e0d84e714e sp=0x000000a2c80f9cb0 mode 0
Event: 1446.578 Thread 0x000001e0f2d7e000 DEOPT PACKING pc=0x000001e0db4642be sp=0x000000a2c80fa620
Event: 1446.578 Thread 0x000001e0f2d7e000 DEOPT UNPACKING pc=0x000001e0d84e714e sp=0x000000a2c80f9cb0 mode 0
Event: 1446.596 Thread 0x000001e0f2d7e000 DEOPT PACKING pc=0x000001e0db4642be sp=0x000000a2c80fa620
Event: 1446.596 Thread 0x000001e0f2d7e000 DEOPT UNPACKING pc=0x000001e0d84e714e sp=0x000000a2c80f9cb0 mode 0
Event: 1446.604 Thread 0x000001e0f2d7e000 DEOPT PACKING pc=0x000001e0db463a02 sp=0x000000a2c80fa620
Event: 1446.604 Thread 0x000001e0f2d7e000 DEOPT UNPACKING pc=0x000001e0d84e714e sp=0x000000a2c80f9cb0 mode 0

Classes redefined (0 events):
No events

Internal exceptions (20 events):
Event: 1378.435 Thread 0x000001e0f7a0e000 Exception <a 'java/net/SocketException'{0x00000000b129c268}: Software caused connection abort: socket write error> (0x00000000b129c268) thrown at [./src/hotspot/share/prims/jni.cpp, line 636]
Event: 1378.475 Thread 0x000001e0f7a0e000 Exception <a 'java/net/SocketException'{0x00000000b129d0e8}: Software caused connection abort: socket write error> (0x00000000b129d0e8) thrown at [./src/hotspot/share/prims/jni.cpp, line 636]
Event: 1378.476 Thread 0x000001e0f7a0e000 Exception <a 'java/net/SocketException'{0x00000000b12a0f38}: Software caused connection abort: socket write error> (0x00000000b12a0f38) thrown at [./src/hotspot/share/prims/jni.cpp, line 636]
Event: 1378.476 Thread 0x000001e0f7a0e000 Exception <a 'java/net/SocketException'{0x00000000b12a1ca8}: Software caused connection abort: socket write error> (0x00000000b12a1ca8) thrown at [./src/hotspot/share/prims/jni.cpp, line 636]
Event: 1378.637 Thread 0x000001e0f7a0e000 Exception <a 'java/net/SocketException'{0x00000000b12a3010}: Software caused connection abort: recv failed> (0x00000000b12a3010) thrown at [./src/hotspot/share/prims/jni.cpp, line 636]
Event: 1400.484 Thread 0x000001e0ef6d4000 Exception <a 'java/net/SocketTimeoutException'{0x00000000b0ebcb28}: Read timed out> (0x00000000b0ebcb28) thrown at [./src/hotspot/share/prims/jni.cpp, line 636]
Event: 1400.933 Thread 0x000001e0f2d7c000 Exception <a 'java/net/SocketTimeoutException'{0x00000000b0e68738}: Read timed out> (0x00000000b0e68738) thrown at [./src/hotspot/share/prims/jni.cpp, line 636]
Event: 1400.935 Thread 0x000001e0f2d7e000 Exception <a 'java/net/SocketTimeoutException'{0x00000000b0ec8ed0}: Read timed out> (0x00000000b0ec8ed0) thrown at [./src/hotspot/share/prims/jni.cpp, line 636]
Event: 1404.334 Thread 0x000001e0f2d7e000 Exception <a 'java/net/SocketTimeoutException'{0x00000000b15d95a0}: Read timed out> (0x00000000b15d95a0) thrown at [./src/hotspot/share/prims/jni.cpp, line 636]
Event: 1410.877 Thread 0x000001e0ef6d4000 Exception <a 'sun/nio/fs/WindowsException'{0x00000000b0d82c88}> (0x00000000b0d82c88) thrown at [./src/hotspot/share/prims/jni.cpp, line 615]
Event: 1411.171 Thread 0x000001e0f2d7e000 Exception <a 'sun/nio/fs/WindowsException'{0x00000000b0dc0c28}> (0x00000000b0dc0c28) thrown at [./src/hotspot/share/prims/jni.cpp, line 615]
Event: 1413.662 Thread 0x000001e0ef6d4800 Exception <a 'java/net/SocketTimeoutException'{0x00000000b1427960}: Read timed out> (0x00000000b1427960) thrown at [./src/hotspot/share/prims/jni.cpp, line 636]
Event: 1417.959 Thread 0x000001e0ef6d4800 Exception <a 'java/net/SocketTimeoutException'{0x00000000b125c208}: Read timed out> (0x00000000b125c208) thrown at [./src/hotspot/share/prims/jni.cpp, line 636]
Event: 1418.204 Thread 0x000001e0f2d7e000 Exception <a 'java/net/SocketTimeoutException'{0x00000000b1269e40}: Read timed out> (0x00000000b1269e40) thrown at [./src/hotspot/share/prims/jni.cpp, line 636]
Event: 1418.207 Thread 0x000001e0ef6d4000 Exception <a 'java/net/SocketTimeoutException'{0x00000000b1270db0}: Read timed out> (0x00000000b1270db0) thrown at [./src/hotspot/share/prims/jni.cpp, line 636]
Event: 1419.622 Thread 0x000001e0ef6d4000 Exception <a 'sun/nio/fs/WindowsException'{0x00000000b10064a0}> (0x00000000b10064a0) thrown at [./src/hotspot/share/prims/jni.cpp, line 615]
Event: 1419.679 Thread 0x000001e0ef6d4800 Exception <a 'sun/nio/fs/WindowsException'{0x00000000b101cc38}> (0x00000000b101cc38) thrown at [./src/hotspot/share/prims/jni.cpp, line 615]
Event: 1444.552 Thread 0x000001e0ef6d4800 Exception <a 'sun/nio/fs/WindowsException'{0x00000000b0efcaa8}> (0x00000000b0efcaa8) thrown at [./src/hotspot/share/prims/jni.cpp, line 615]
Event: 1445.218 Thread 0x000001e0ef6d4000 Exception <a 'sun/nio/fs/WindowsException'{0x00000000b17af0d8}> (0x00000000b17af0d8) thrown at [./src/hotspot/share/prims/jni.cpp, line 615]
Event: 1445.267 Thread 0x000001e0f2d7c000 Exception <a 'sun/nio/fs/WindowsException'{0x00000000b153d710}> (0x00000000b153d710) thrown at [./src/hotspot/share/prims/jni.cpp, line 615]

Events (20 events):
Event: 1444.511 Executing VM operation: RevokeBias done
Event: 1444.511 Executing VM operation: RevokeBias
Event: 1444.512 Executing VM operation: RevokeBias done
Event: 1444.513 Executing VM operation: RevokeBias
Event: 1444.514 Executing VM operation: RevokeBias done
Event: 1444.514 Executing VM operation: RevokeBias
Event: 1444.515 Executing VM operation: RevokeBias done
Event: 1444.515 Executing VM operation: RevokeBias
Event: 1444.516 Executing VM operation: RevokeBias done
Event: 1444.516 Executing VM operation: RevokeBias
Event: 1444.517 Executing VM operation: RevokeBias done
Event: 1444.962 Executing VM operation: G1CollectForAllocation
Event: 1445.041 Executing VM operation: G1CollectForAllocation done
Event: 1445.716 Executing VM operation: G1CollectForAllocation
Event: 1446.052 Executing VM operation: G1CollectForAllocation done
Event: 1446.120 Executing VM operation: G1CollectForAllocation
Event: 1446.458 Executing VM operation: G1CollectForAllocation done
Event: 1446.564 Executing VM operation: G1CollectForAllocation
Event: 1446.567 Executing VM operation: G1CollectForAllocation done
Event: 1446.610 Executing VM operation: G1CollectForAllocation


Dynamic libraries:
0x00007ff7d6380000 - 0x00007ff7d638a000 	C:\Program Files\Android\Android Studio\jre\bin\java.exe
0x00007ffc8c700000 - 0x00007ffc8c8c1000 	C:\Windows\SYSTEM32\ntdll.dll
0x00007ffc8a1c0000 - 0x00007ffc8a26d000 	C:\Windows\system32\KERNEL32.DLL
0x00007ffc88ff0000 - 0x00007ffc891d8000 	C:\Windows\system32\KERNELBASE.dll
0x00007ffc6bc70000 - 0x00007ffc6bc89000 	C:\Program Files\Android\Android Studio\jre\bin\jli.dll
0x00007ffc6c070000 - 0x00007ffc6c087000 	C:\Program Files\Android\Android Studio\jre\bin\VCRUNTIME140.dll
0x00007ffc87ec0000 - 0x00007ffc87fb4000 	C:\Windows\SYSTEM32\ucrtbase.dll
0x00007ffc89f90000 - 0x00007ffc8a0e6000 	C:\Windows\system32\USER32.dll
0x00007ffc7e870000 - 0x00007ffc7eae4000 	C:\Windows\WinSxS\amd64_microsoft.windows.common-controls_6595b64144ccf1df_6.0.10586.0_none_8c15ae12515e1c22\COMCTL32.dll
0x00007ffc8c570000 - 0x00007ffc8c6f6000 	C:\Windows\system32\GDI32.dll
0x00007ffc8a380000 - 0x00007ffc8a41d000 	C:\Windows\system32\msvcrt.dll
0x00007ffc8bc10000 - 0x00007ffc8be8d000 	C:\Windows\system32\combase.dll
0x00007ffc8be90000 - 0x00007ffc8bfac000 	C:\Windows\system32\RPCRT4.dll
0x00007ffc88f80000 - 0x00007ffc88fea000 	C:\Windows\system32\bcryptPrimitives.dll
0x00007ffc8a490000 - 0x00007ffc8a4cb000 	C:\Windows\system32\IMM32.DLL
0x00007ffc541f0000 - 0x00007ffc5428d000 	C:\Program Files\Android\Android Studio\jre\bin\msvcp140.dll
0x00007ffc59a90000 - 0x00007ffc5a55f000 	C:\Program Files\Android\Android Studio\jre\bin\server\jvm.dll
0x00007ffc8c4c0000 - 0x00007ffc8c567000 	C:\Windows\system32\ADVAPI32.dll
0x00007ffc8a430000 - 0x00007ffc8a48b000 	C:\Windows\system32\sechost.dll
0x00007ffc8c350000 - 0x00007ffc8c358000 	C:\Windows\system32\PSAPI.DLL
0x00007ffc7bdd0000 - 0x00007ffc7bdd9000 	C:\Windows\SYSTEM32\WSOCK32.dll
0x00007ffc86fa0000 - 0x00007ffc86fc3000 	C:\Windows\SYSTEM32\WINMM.dll
0x00007ffc85530000 - 0x00007ffc8553a000 	C:\Windows\SYSTEM32\VERSION.dll
0x00007ffc8a4d0000 - 0x00007ffc8a53b000 	C:\Windows\system32\WS2_32.dll
0x00007ffc86f40000 - 0x00007ffc86f6c000 	C:\Windows\SYSTEM32\WINMMBASE.dll
0x00007ffc891e0000 - 0x00007ffc89223000 	C:\Windows\system32\cfgmgr32.dll
0x00007ffc88d30000 - 0x00007ffc88d3f000 	C:\Windows\system32\kernel.appcore.dll
0x00007ffc77490000 - 0x00007ffc774a1000 	C:\Program Files\Android\Android Studio\jre\bin\verify.dll
0x00007ffc7eba0000 - 0x00007ffc7ed2c000 	C:\Windows\SYSTEM32\DBGHELP.DLL
0x00007ffc7eb70000 - 0x00007ffc7eb95000 	C:\Windows\SYSTEM32\dbgcore.DLL
0x00007ffc73bb0000 - 0x00007ffc73bd9000 	C:\Program Files\Android\Android Studio\jre\bin\java.dll
0x00007ffc80030000 - 0x00007ffc8003b000 	C:\Program Files\Android\Android Studio\jre\bin\jimage.dll
0x00007ffc73b90000 - 0x00007ffc73ba8000 	C:\Program Files\Android\Android Studio\jre\bin\zip.dll
0x00007ffc8a650000 - 0x00007ffc8bbaf000 	C:\Windows\system32\SHELL32.dll
0x00007ffc89450000 - 0x00007ffc89a94000 	C:\Windows\system32\windows.storage.dll
0x00007ffc89b00000 - 0x00007ffc89b52000 	C:\Windows\system32\shlwapi.dll
0x00007ffc89390000 - 0x00007ffc89445000 	C:\Windows\system32\shcore.dll
0x00007ffc88d40000 - 0x00007ffc88d8b000 	C:\Windows\system32\powrprof.dll
0x00007ffc88d90000 - 0x00007ffc88da4000 	C:\Windows\system32\profapi.dll
0x00007ffc739b0000 - 0x00007ffc739ca000 	C:\Program Files\Android\Android Studio\jre\bin\net.dll
0x00007ffc856d0000 - 0x00007ffc85798000 	C:\Windows\SYSTEM32\WINHTTP.dll
0x00007ffc885f0000 - 0x00007ffc8864c000 	C:\Windows\system32\mswsock.dll
0x00007ffc73610000 - 0x00007ffc73624000 	C:\Program Files\Android\Android Studio\jre\bin\nio.dll
0x00007ffc6c6c0000 - 0x00007ffc6c6e7000 	C:\Users\Zahra\.gradle\native\8bec1ad78214c89d9ad589b4d07fe93259594b29d510b10fafb7a158f7737e5d\windows-amd64\native-platform.dll
0x00007ffc6c580000 - 0x00007ffc6c6bd000 	C:\Users\Zahra\.gradle\native\53dbd7edfb1c66fb8903c78663c9afc45aea4f116125fa6feffd364cf09443e8\windows-amd64\native-platform-file-events.dll
0x00007ffc7fec0000 - 0x00007ffc7feca000 	C:\Program Files\Android\Android Studio\jre\bin\management.dll
0x00007ffc7f730000 - 0x00007ffc7f73c000 	C:\Program Files\Android\Android Studio\jre\bin\management_ext.dll
0x00007ffc886a0000 - 0x00007ffc886b7000 	C:\Windows\SYSTEM32\CRYPTSP.dll
0x00007ffc88330000 - 0x00007ffc88364000 	C:\Windows\system32\rsaenh.dll
0x00007ffc88c50000 - 0x00007ffc88c79000 	C:\Windows\SYSTEM32\bcrypt.dll
0x00007ffc88480000 - 0x00007ffc8849f000 	C:\Windows\SYSTEM32\USERENV.dll
0x00007ffc887c0000 - 0x00007ffc887cb000 	C:\Windows\SYSTEM32\CRYPTBASE.dll
0x00007ffc81880000 - 0x00007ffc818b8000 	C:\Windows\SYSTEM32\IPHLPAPI.DLL
0x00007ffc8a420000 - 0x00007ffc8a428000 	C:\Windows\system32\NSI.dll
0x00007ffc80d00000 - 0x00007ffc80d16000 	C:\Windows\SYSTEM32\dhcpcsvc6.DLL
0x00007ffc80ce0000 - 0x00007ffc80cfa000 	C:\Windows\SYSTEM32\dhcpcsvc.DLL
0x00007ffc78e20000 - 0x00007ffc78e47000 	C:\Program Files\Android\Android Studio\jre\bin\sunec.dll
0x00007ffc87770000 - 0x00007ffc8781a000 	C:\Windows\SYSTEM32\DNSAPI.dll
0x0000000063560000 - 0x0000000063569000 	C:\Program Files\National Instruments\Shared\mDNS Responder\nimdnsNSP.dll
0x0000000063550000 - 0x000000006355e000 	C:\Windows\SYSTEM32\nimdnsResponder.dll
0x0000000065490000 - 0x0000000065533000 	C:\Windows\WinSxS\amd64_microsoft.vc90.crt_1fc8b3b9a1e18e3b_9.0.30729.9177_none_08e695a3a83b6ce3\MSVCR90.dll
0x00007ffc7fed0000 - 0x00007ffc7feda000 	C:\Windows\System32\rasadhlp.dll
0x00007ffc808c0000 - 0x00007ffc80927000 	C:\Windows\System32\fwpuclnt.dll
0x00007ffc88210000 - 0x00007ffc88241000 	C:\Windows\SYSTEM32\ntmarta.dll
0x00007ffc60800000 - 0x00007ffc6089c000 	C:\Windows\SYSTEM32\efswrt.dll
0x00007ffc8a0f0000 - 0x00007ffc8a1b1000 	C:\Windows\system32\OLEAUT32.dll
0x00007ffc83ef0000 - 0x00007ffc84026000 	C:\Windows\SYSTEM32\wintypes.dll
0x00007ffc78f40000 - 0x00007ffc78f90000 	C:\Windows\SYSTEM32\edputil.dll

dbghelp: loaded successfully - version: 4.0.5 - missing functions: none
symbol engine: initialized successfully - sym options: 0x614 - pdb path: .;C:\Program Files\Android\Android Studio\jre\bin;C:\Windows\SYSTEM32;C:\Windows\WinSxS\amd64_microsoft.windows.common-controls_6595b64144ccf1df_6.0.10586.0_none_8c15ae12515e1c22;C:\Program Files\Android\Android Studio\jre\bin\server;C:\Users\Zahra\.gradle\native\8bec1ad78214c89d9ad589b4d07fe93259594b29d510b10fafb7a158f7737e5d\windows-amd64;C:\Users\Zahra\.gradle\native\53dbd7edfb1c66fb8903c78663c9afc45aea4f116125fa6feffd364cf09443e8\windows-amd64;C:\Program Files\National Instruments\Shared\mDNS Responder;C:\Windows\WinSxS\amd64_microsoft.vc90.crt_1fc8b3b9a1e18e3b_9.0.30729.9177_none_08e695a3a83b6ce3

VM Arguments:
jvm_args: --add-opens=java.base/java.util=ALL-UNNAMED --add-opens=java.base/java.lang=ALL-UNNAMED --add-opens=java.base/java.lang.invoke=ALL-UNNAMED --add-opens=java.base/java.util=ALL-UNNAMED --add-opens=java.prefs/java.util.prefs=ALL-UNNAMED --add-opens=java.prefs/java.util.prefs=ALL-UNNAMED --add-opens=java.base/java.nio.charset=ALL-UNNAMED --add-opens=java.base/java.net=ALL-UNNAMED --add-opens=java.base/java.util.concurrent.atomic=ALL-UNNAMED -Xmx1536m -Dfile.encoding=windows-1252 -Duser.country=US -Duser.language=en -Duser.variant 
java_command: org.gradle.launcher.daemon.bootstrap.GradleDaemon 7.0.2
java_class_path (initial): C:\Users\Zahra\.gradle\wrapper\dists\gradle-7.0.2-all\7era6s5ay7zsbhuvl0oc9g94s\gradle-7.0.2\lib\gradle-launcher-7.0.2.jar
Launcher Type: SUN_STANDARD

[Global flags]
     intx CICompilerCount                          = 3                                         {product} {ergonomic}
     uint ConcGCThreads                            = 1                                         {product} {ergonomic}
     uint G1ConcRefinementThreads                  = 4                                         {product} {ergonomic}
   size_t G1HeapRegionSize                         = 1048576                                   {product} {ergonomic}
    uintx GCDrainStackTargetSize                   = 64                                        {product} {ergonomic}
   size_t InitialHeapSize                          = 58720256                                  {product} {ergonomic}
   size_t MarkStackSize                            = 4194304                                   {product} {ergonomic}
   size_t MaxHeapSize                              = 1610612736                                {product} {command line}
   size_t MaxNewSize                               = 965738496                                 {product} {ergonomic}
   size_t MinHeapDeltaBytes                        = 1048576                                   {product} {ergonomic}
    uintx NonNMethodCodeHeapSize                   = 5830732                                {pd product} {ergonomic}
    uintx NonProfiledCodeHeapSize                  = 122913754                              {pd product} {ergonomic}
    uintx ProfiledCodeHeapSize                     = 122913754                              {pd product} {ergonomic}
    uintx ReservedCodeCacheSize                    = 251658240                              {pd product} {ergonomic}
     bool SegmentedCodeCache                       = true                                      {product} {ergonomic}
     bool UseCompressedClassPointers               = true                                 {lp64_product} {ergonomic}
     bool UseCompressedOops                        = true                                 {lp64_product} {ergonomic}
     bool UseG1GC                                  = true                                      {product} {ergonomic}
     bool UseLargePagesIndividualAllocation        = false                                  {pd product} {ergonomic}

Logging:
Log output configuration:
 #0: stdout all=warning uptime,level,tags
 #1: stderr all=off uptime,level,tags

Environment Variables:
PATH=C:\Program Files\AdoptOpenJDK\jdk-11.0.10.9-hotspot\bin;C:\xampp\mysql\bin;C:\Windows\system32;C:\Windows;C:\Windows\System32\Wbem;C:\Windows\System32\WindowsPowerShell\v1.0\;C:\Program Files (x86)\AMD\ATI.ACE\Core-Static;C:\Program Files\MATLAB\R2013a\runtime\win64;C:\Program Files\MATLAB\R2013a\bin;C:\xampp\mysql\bin;C:\Program Files\Java\64- bit\Jdk;C:\Program Files\PuTTY\;C:\xampp\php;C:\ProgramData\ComposerSetup\bin;C:\Program Files\Git\cmd;C:\Users\Zahra\AppData\Local\Programs\Python\Python38-32\Scripts\;C:\Users\Zahra\AppData\Local\Programs\Python\Python38-32\;C:\Users\Zahra\AppData\Roaming\Composer\vendor\bin
USERNAME=Zahra
OS=Windows_NT
PROCESSOR_IDENTIFIER=AMD64 Family 22 Model 48 Stepping 1, AuthenticAMD



---------------  S Y S T E M  ---------------

OS: Windows 10 , 64 bit Build 10586 (10.0.10586.0)
OS uptime: 0 days 1:14 hours

CPU:total 4 (initial active 4) (4 cores per cpu, 1 threads per core) family 22 model 48 stepping 1 microcode 0x7030105, cmov, cx8, fxsr, mmx, sse, sse2, sse3, ssse3, sse4.1, sse4.2, popcnt, avx, aes, clmul, mmxext, 3dnowpref, lzcnt, sse4a, tsc, tscinvbit, tscinv, bmi1

Memory: 4k page, system-wide physical 3548M (365M free)
TotalPageFile size 8044M (AvailPageFile size 48M)
current process WorkingSet (physical memory assigned to process): 217M, peak: 562M
current process commit charge ("private bytes"): 641M, peak: 692M

vm_info: OpenJDK 64-Bit Server VM (11.0.10+0-b96-7249189) for windows-amd64 JRE (11.0.10+0-b96-7249189), built on Mar 31 2021 21:44:00 by "builder" with MS VC++ 14.0 (VS2015)

END.
